mode: set
collab-server/cmd/collab/main.go:18.13,20.16 2 0
collab-server/cmd/collab/main.go:20.16,23.3 2 0
collab-server/cmd/collab/main.go:25.2,27.25 3 0
collab-server/cmd/collab/main.go:27.25,29.3 1 0
collab-server/cmd/collab/main.go:29.8,31.3 1 0
collab-server/cmd/collab/main.go:32.2,35.16 3 0
collab-server/cmd/collab/main.go:35.16,38.3 2 0
collab-server/cmd/collab/main.go:39.2,41.36 2 0
collab-server/cmd/collab/main.go:41.36,44.3 2 0
collab-server/cmd/collab/main.go:46.2,56.12 5 0
collab-server/cmd/collab/main.go:56.12,58.84 2 0
collab-server/cmd/collab/main.go:58.84,61.4 2 0
collab-server/cmd/collab/main.go:64.2,70.49 5 0
collab-server/cmd/collab/main.go:70.49,72.3 1 0
collab-server/cmd/collab/main.go:74.2,74.31 1 0
collab-server/internal/config/config.go:27.30,44.48 2 1
collab-server/internal/config/config.go:44.48,46.3 1 1
collab-server/internal/config/config.go:48.2,48.39 1 1
collab-server/internal/config/config.go:48.39,50.3 1 0
collab-server/internal/config/config.go:52.2,52.17 1 1
collab-server/internal/config/config.go:55.39,57.2 1 1
collab-server/internal/config/config.go:59.35,60.45 1 1
collab-server/internal/config/config.go:60.45,62.3 1 1
collab-server/internal/config/config.go:63.2,63.12 1 1
collab-server/internal/config/config.go:66.40,67.40 1 1
collab-server/internal/config/config.go:68.15,69.25 1 1
collab-server/internal/config/config.go:70.25,71.24 1 1
collab-server/internal/config/config.go:72.15,73.25 1 1
collab-server/internal/config/config.go:74.10,75.24 1 1
collab-server/internal/config/config.go:79.37,80.34 1 1
collab-server/internal/config/config.go:80.34,82.3 1 1
collab-server/internal/config/config.go:83.2,83.12 1 1
collab-server/internal/config/config.go:86.38,87.34 1 1
collab-server/internal/config/config.go:87.34,88.44 1 1
collab-server/internal/config/config.go:88.44,90.4 1 1
collab-server/internal/config/config.go:92.2,92.12 1 1
collab-server/internal/config/config.go:95.41,96.34 1 1
collab-server/internal/config/config.go:96.34,97.49 1 1
collab-server/internal/config/config.go:97.49,99.4 1 1
collab-server/internal/config/config.go:101.2,101.12 1 1
collab-server/internal/server/helpers.go:11.61,15.2 3 0
collab-server/internal/server/helpers.go:17.63,19.2 1 0
collab-server/internal/server/helpers.go:21.47,26.40 4 0
collab-server/internal/server/helpers.go:26.40,28.35 2 0
collab-server/internal/server/helpers.go:28.35,30.4 1 0
collab-server/internal/server/helpers.go:31.3,31.45 1 0
collab-server/internal/server/helpers.go:34.2,34.16 1 0
collab-server/internal/server/helpers.go:34.16,36.3 1 0
collab-server/internal/server/helpers.go:38.2,38.12 1 0
collab-server/internal/server/helpers.go:41.56,43.2 1 0
collab-server/internal/server/helpers.go:46.68,48.2 1 0
collab-server/internal/server/helpers.go:54.72,58.2 3 0
collab-server/internal/server/middleware.go:20.55,21.52 1 0
collab-server/internal/server/middleware.go:21.52,23.3 1 0
collab-server/internal/server/middleware.go:24.2,24.11 1 0
collab-server/internal/server/middleware.go:27.77,28.71 1 0
collab-server/internal/server/middleware.go:28.71,29.16 1 0
collab-server/internal/server/middleware.go:29.16,30.36 1 0
collab-server/internal/server/middleware.go:30.36,37.5 2 0
collab-server/internal/server/middleware.go:39.3,39.23 1 0
collab-server/internal/server/middleware.go:43.58,44.71 1 0
collab-server/internal/server/middleware.go:44.71,49.3 4 0
collab-server/internal/server/middleware.go:57.49,60.2 2 0
collab-server/internal/server/middleware.go:62.56,64.2 1 0
collab-server/internal/server/middleware.go:66.76,67.71 1 0
collab-server/internal/server/middleware.go:67.71,78.3 4 0
collab-server/internal/server/middleware.go:81.87,82.71 1 0
collab-server/internal/server/middleware.go:82.71,85.12 2 0
collab-server/internal/server/middleware.go:85.12,86.20 1 0
collab-server/internal/server/middleware.go:86.20,88.5 1 0
collab-server/internal/server/middleware.go:89.9,90.31 1 0
collab-server/internal/server/middleware.go:90.31,92.5 1 0
collab-server/internal/server/middleware.go:95.3,100.37 5 0
collab-server/internal/server/middleware.go:100.37,103.4 2 0
collab-server/internal/server/middleware.go:105.3,105.23 1 0
collab-server/internal/server/middleware.go:109.64,110.71 1 0
collab-server/internal/server/middleware.go:110.71,116.3 5 0
collab-server/internal/server/middleware.go:135.36,145.2 3 0
collab-server/internal/server/middleware.go:147.34,149.21 2 0
collab-server/internal/server/middleware.go:149.21,152.34 3 0
collab-server/internal/server/middleware.go:152.34,153.44 1 0
collab-server/internal/server/middleware.go:153.44,155.5 1 0
collab-server/internal/server/middleware.go:157.3,157.17 1 0
collab-server/internal/server/middleware.go:161.59,167.12 5 0
collab-server/internal/server/middleware.go:167.12,170.3 2 0
collab-server/internal/server/middleware.go:172.2,174.9 3 0
collab-server/internal/server/middleware.go:174.9,177.3 2 0
collab-server/internal/server/middleware.go:179.2,182.22 4 0
collab-server/internal/server/middleware.go:182.22,184.3 1 0
collab-server/internal/server/middleware.go:185.2,187.18 2 0
collab-server/internal/server/middleware.go:187.18,189.3 1 0
collab-server/internal/server/middleware.go:190.2,191.13 2 0
collab-server/internal/server/middleware.go:194.75,195.71 1 0
collab-server/internal/server/middleware.go:195.71,199.28 3 0
collab-server/internal/server/middleware.go:199.28,202.4 2 0
collab-server/internal/server/middleware.go:204.3,204.23 1 0
collab-server/internal/server/middleware.go:208.39,209.55 1 0
collab-server/internal/server/middleware.go:209.55,210.59 1 0
collab-server/internal/server/middleware.go:210.59,212.4 1 0
collab-server/internal/server/middleware.go:214.2,214.49 1 0
collab-server/internal/server/middleware.go:214.49,216.3 1 0
collab-server/internal/server/middleware.go:218.2,219.52 2 0
collab-server/internal/server/middleware.go:219.52,221.3 1 0
collab-server/internal/server/middleware.go:222.2,222.13 1 0
collab-server/internal/server/server.go:30.75,49.2 7 0
collab-server/internal/server/server.go:51.32,53.2 1 0
collab-server/internal/server/server.go:55.32,76.91 8 0
collab-server/internal/server/server.go:76.91,78.3 1 0
collab-server/internal/server/server.go:79.2,137.39 29 0
collab-server/internal/server/server.go:140.71,147.2 1 0
collab-server/internal/server/server.go:149.71,150.84 1 0
collab-server/internal/server/server.go:150.84,153.3 2 0
collab-server/internal/server/server.go:155.2,157.65 2 0
collab-server/internal/server/server.go:157.65,160.3 2 0
collab-server/internal/server/server.go:163.2,163.36 1 0
collab-server/internal/server/server.go:163.36,165.47 2 0
collab-server/internal/server/server.go:165.47,168.4 2 0
collab-server/internal/server/server.go:171.2,171.21 1 0
collab-server/internal/server/server.go:174.41,186.2 9 0
collab-server/internal/server/server.go:192.70,195.24 3 0
collab-server/internal/server/server.go:195.24,197.32 2 0
collab-server/internal/server/server.go:197.32,203.4 1 0
collab-server/internal/server/server.go:204.3,208.4 1 0
collab-server/internal/server/server.go:210.2,210.15 1 0
collab-server/internal/server/server.go:217.61,219.2 1 0
collab-server/internal/server/server.go:221.122,223.15 2 0
collab-server/internal/server/server.go:223.15,225.3 1 0
collab-server/internal/server/server.go:226.2,229.4 1 0
collab-server/internal/server/server.go:236.104,238.2 1 0
collab-server/internal/server/server.go:240.82,242.2 1 0
collab-server/internal/server/server.go:244.98,250.2 2 0
collab-server/internal/server/server.go:252.49,254.2 1 0
collab-server/internal/server/server.go:260.125,262.15 2 0
collab-server/internal/server/server.go:262.15,264.3 1 0
collab-server/internal/server/server.go:265.2,266.16 2 0
collab-server/internal/server/server.go:266.16,268.3 1 0
collab-server/internal/server/server.go:269.2,269.36 1 0
collab-server/internal/auth/middleware.go:18.55,19.58 1 1
collab-server/internal/auth/middleware.go:19.58,21.3 1 1
collab-server/internal/auth/middleware.go:22.2,22.12 1 1
collab-server/internal/auth/middleware.go:25.70,27.2 1 1
collab-server/internal/auth/middleware.go:35.89,36.46 1 1
collab-server/internal/auth/middleware.go:36.46,37.72 1 1
collab-server/internal/auth/middleware.go:37.72,39.59 1 1
collab-server/internal/auth/middleware.go:39.59,40.73 1 1
collab-server/internal/auth/middleware.go:40.73,43.6 2 1
collab-server/internal/auth/middleware.go:47.4,47.93 1 1
collab-server/internal/auth/middleware.go:47.93,49.102 2 1
collab-server/internal/auth/middleware.go:49.102,52.6 2 1
collab-server/internal/auth/middleware.go:56.4,56.48 1 1
collab-server/internal/auth/middleware.go:56.48,57.68 1 1
collab-server/internal/auth/middleware.go:57.68,58.59 1 1
collab-server/internal/auth/middleware.go:58.59,61.7 2 1
collab-server/internal/auth/middleware.go:64.5,65.19 2 1
collab-server/internal/auth/middleware.go:65.19,66.27 1 1
collab-server/internal/auth/middleware.go:66.27,67.35 1 1
collab-server/internal/auth/middleware.go:67.35,70.8 2 1
collab-server/internal/auth/middleware.go:75.4,75.19 1 1
collab-server/internal/auth/middleware.go:80.78,82.86 2 1
collab-server/internal/auth/middleware.go:82.86,84.3 1 1
collab-server/internal/auth/middleware.go:85.2,85.32 1 1
collab-server/internal/auth/middleware.go:85.32,87.3 1 1
collab-server/internal/auth/middleware.go:89.2,90.58 2 1
collab-server/internal/auth/middleware.go:90.58,92.3 1 1
collab-server/internal/auth/middleware.go:93.2,93.13 1 1
collab-server/internal/auth/middleware.go:96.42,100.2 3 1
collab-server/internal/auth/middleware.go:102.92,103.91 1 1
collab-server/internal/auth/middleware.go:103.91,105.100 2 1
collab-server/internal/auth/middleware.go:105.100,107.4 1 1
collab-server/internal/auth/middleware.go:110.2,110.57 1 1
collab-server/internal/auth/middleware.go:110.57,111.71 1 0
collab-server/internal/auth/middleware.go:111.71,113.4 1 0
collab-server/internal/auth/middleware.go:116.2,116.46 1 1
collab-server/internal/auth/middleware.go:116.46,117.66 1 0
collab-server/internal/auth/middleware.go:117.66,118.57 1 0
collab-server/internal/auth/middleware.go:118.57,120.5 1 0
collab-server/internal/auth/middleware.go:124.2,124.12 1 1
collab-server/internal/auth/middleware.go:127.72,128.18 1 1
collab-server/internal/auth/middleware.go:128.18,130.3 1 1
collab-server/internal/auth/middleware.go:131.2,132.58 2 1
collab-server/internal/auth/middleware.go:132.58,134.3 1 1
collab-server/internal/auth/middleware.go:135.2,135.13 1 1
collab-server/internal/auth/middleware.go:138.91,141.2 2 1
collab-server/internal/auth/password.go:5.52,7.16 2 1
collab-server/internal/auth/password.go:7.16,9.3 1 0
collab-server/internal/auth/password.go:10.2,10.26 1 1
collab-server/internal/auth/password.go:13.48,15.2 1 1
collab-server/internal/auth/permissions.go:7.135,8.46 1 1
collab-server/internal/auth/permissions.go:8.46,9.72 1 1
collab-server/internal/auth/permissions.go:9.72,11.19 2 1
collab-server/internal/auth/permissions.go:11.19,14.5 2 1
collab-server/internal/auth/permissions.go:16.4,16.28 1 1
collab-server/internal/auth/permissions.go:16.28,19.5 2 1
collab-server/internal/auth/permissions.go:21.4,22.18 2 1
collab-server/internal/auth/permissions.go:22.18,25.5 2 0
collab-server/internal/auth/permissions.go:27.4,28.28 2 1
collab-server/internal/auth/permissions.go:28.28,30.5 1 1
collab-server/internal/auth/permissions.go:32.4,32.28 1 1
collab-server/internal/auth/permissions.go:32.28,33.75 1 1
collab-server/internal/auth/permissions.go:33.75,36.6 2 1
collab-server/internal/auth/permissions.go:39.4,41.44 3 1
collab-server/internal/store/db.go:13.39,17.16 2 1
collab-server/internal/store/db.go:17.16,19.3 1 0
collab-server/internal/store/db.go:21.2,22.16 2 1
collab-server/internal/store/db.go:22.16,24.3 1 0
collab-server/internal/store/db.go:26.2,30.4 1 1
collab-server/internal/store/db.go:30.4,31.47 1 1
collab-server/internal/store/db.go:31.47,33.4 1 0
collab-server/internal/store/db.go:36.2,36.28 1 1
collab-server/internal/store/db.go:39.31,41.2 1 0
collab-server/internal/store/db.go:43.31,45.16 2 1
collab-server/internal/store/db.go:45.16,47.3 1 0
collab-server/internal/store/db.go:48.2,48.22 1 1
collab-server/internal/store/lexorank.go:17.35,19.2 1 1
collab-server/internal/store/lexorank.go:21.55,23.18 2 1
collab-server/internal/store/lexorank.go:23.18,25.3 1 1
collab-server/internal/store/lexorank.go:26.2,26.17 1 1
collab-server/internal/store/lexorank.go:26.17,28.3 1 1
collab-server/internal/store/lexorank.go:29.2,29.38 1 1
collab-server/internal/store/lexorank.go:32.47,34.12 2 1
collab-server/internal/store/lexorank.go:34.12,36.3 1 0
collab-server/internal/store/lexorank.go:38.2,40.29 3 1
collab-server/internal/store/lexorank.go:40.29,44.35 4 1
collab-server/internal/store/lexorank.go:44.35,49.4 4 1
collab-server/internal/store/lexorank.go:50.3,50.74 1 1
collab-server/internal/store/lexorank.go:52.2,52.16 1 1
collab-server/internal/store/lexorank.go:55.39,56.11 1 1
collab-server/internal/store/lexorank.go:56.11,58.3 1 1
collab-server/internal/store/lexorank.go:59.2,59.11 1 1
collab-server/internal/store/lexorank.go:59.11,61.3 1 1
collab-server/internal/store/lexorank.go:62.2,62.10 1 1
collab-server/internal/store/lexorank.go:65.35,68.21 2 1
collab-server/internal/store/lexorank.go:68.21,70.3 1 1
collab-server/internal/store/lexorank.go:71.2,71.17 1 1
collab-server/internal/store/lexorank.go:71.17,73.3 1 1
collab-server/internal/store/lexorank.go:76.2,77.13 2 1
collab-server/internal/store/lexorank.go:77.13,79.3 1 1
collab-server/internal/store/lexorank.go:79.8,81.3 1 1
collab-server/internal/store/lexorank.go:83.2,84.30 2 1
collab-server/internal/store/lexorank.go:84.30,86.3 1 1
collab-server/internal/store/lexorank.go:88.2,89.13 2 1
collab-server/internal/store/lexorank.go:89.13,91.31 2 1
collab-server/internal/store/lexorank.go:91.31,93.4 1 1
collab-server/internal/store/lexorank.go:94.8,95.31 1 1
collab-server/internal/store/lexorank.go:95.31,97.4 1 1
collab-server/internal/store/lexorank.go:101.2,103.35 3 1
collab-server/internal/store/lexorank.go:103.35,107.3 3 1
collab-server/internal/store/lexorank.go:110.2,112.30 3 1
collab-server/internal/store/lexorank.go:112.30,116.3 3 1
collab-server/internal/store/lexorank.go:119.2,119.19 1 1
collab-server/internal/store/lexorank.go:119.19,121.3 1 1
collab-server/internal/store/lexorank.go:123.2,124.18 2 1
collab-server/internal/store/lexorank.go:124.18,126.3 1 0
collab-server/internal/store/lexorank.go:129.2,129.64 1 1
collab-server/internal/store/lexorank.go:129.64,131.3 1 0
collab-server/internal/store/lexorank.go:133.2,133.15 1 1
collab-server/internal/store/lexorank.go:136.46,138.21 2 1
collab-server/internal/store/lexorank.go:138.21,140.3 1 0
collab-server/internal/store/lexorank.go:141.2,141.27 1 1
collab-server/internal/store/lexorank.go:144.44,145.22 1 1
collab-server/internal/store/lexorank.go:145.22,147.3 1 0
collab-server/internal/store/lexorank.go:148.2,148.10 1 1
collab-server/internal/store/migrations.go:14.33,16.96 1 1
collab-server/internal/store/migrations.go:16.96,18.3 1 0
collab-server/internal/store/migrations.go:20.2,20.41 1 1
collab-server/internal/store/migrations.go:20.41,23.3 2 0
collab-server/internal/store/migrations.go:25.2,25.50 1 1
collab-server/internal/store/migrations.go:25.50,28.3 2 0
collab-server/internal/store/migrations.go:30.2,30.48 1 1
collab-server/internal/store/migrations.go:30.48,33.3 2 0
collab-server/internal/store/migrations.go:36.2,36.94 1 1
collab-server/internal/store/migrations.go:36.94,38.3 1 0
collab-server/internal/store/migrations.go:40.2,40.47 1 1
collab-server/internal/store/migrations.go:40.47,42.3 1 0
collab-server/internal/store/migrations.go:44.2,44.55 1 1
collab-server/internal/store/migrations.go:44.55,46.3 1 0
collab-server/internal/store/migrations.go:48.2,48.62 1 1
collab-server/internal/store/migrations.go:48.62,50.3 1 0
collab-server/internal/store/migrations.go:52.2,52.49 1 1
collab-server/internal/store/migrations.go:52.49,54.3 1 0
collab-server/internal/store/migrations.go:56.2,56.46 1 1
collab-server/internal/store/migrations.go:56.46,58.3 1 0
collab-server/internal/store/migrations.go:60.2,60.48 1 1
collab-server/internal/store/migrations.go:60.48,62.3 1 0
collab-server/internal/store/migrations.go:64.2,64.50 1 1
collab-server/internal/store/migrations.go:64.50,66.3 1 0
collab-server/internal/store/migrations.go:68.2,68.12 1 1
collab-server/internal/store/migrations.go:71.38,196.2 1 1
collab-server/internal/store/migrations.go:198.47,221.30 2 1
collab-server/internal/store/migrations.go:221.30,223.17 2 1
collab-server/internal/store/migrations.go:223.17,225.4 1 0
collab-server/internal/store/migrations.go:226.3,226.13 1 1
collab-server/internal/store/migrations.go:226.13,227.12 1 1
collab-server/internal/store/migrations.go:229.3,229.64 1 1
collab-server/internal/store/migrations.go:229.64,231.4 1 0
collab-server/internal/store/migrations.go:234.2,234.12 1 1
collab-server/internal/store/migrations.go:237.45,256.2 1 1
collab-server/internal/store/migrations.go:258.64,262.87 2 1
collab-server/internal/store/migrations.go:262.87,264.3 1 0
collab-server/internal/store/migrations.go:265.2,265.27 1 1
collab-server/internal/store/migrations.go:265.27,266.23 1 1
collab-server/internal/store/migrations.go:266.23,268.4 1 1
collab-server/internal/store/migrations.go:270.2,270.19 1 1
collab-server/internal/store/migrations.go:273.59,274.45 1 1
collab-server/internal/store/migrations.go:274.45,276.3 1 0
collab-server/internal/store/migrations.go:277.2,277.12 1 1
collab-server/internal/store/migrations.go:280.44,283.35 3 1
collab-server/internal/store/migrations.go:283.35,285.3 1 1
collab-server/internal/store/migrations.go:287.2,289.15 3 1
collab-server/internal/store/migrations.go:289.15,291.3 1 0
collab-server/internal/store/migrations.go:293.2,294.16 2 1
collab-server/internal/store/migrations.go:294.16,296.3 1 0
collab-server/internal/store/migrations.go:298.2,307.33 3 1
collab-server/internal/store/migrations.go:310.52,318.28 6 1
collab-server/internal/store/migrations.go:318.28,319.33 1 0
collab-server/internal/store/migrations.go:319.33,322.4 2 0
collab-server/internal/store/migrations.go:325.2,328.27 3 1
collab-server/internal/store/migrations.go:328.27,329.32 1 0
collab-server/internal/store/migrations.go:329.32,332.4 2 0
collab-server/internal/store/migrations.go:335.2,335.12 1 1
collab-server/internal/store/migrations.go:338.59,343.30 4 1
collab-server/internal/store/migrations.go:343.30,344.103 1 0
collab-server/internal/store/migrations.go:344.103,348.4 3 0
collab-server/internal/store/migrations.go:351.2,351.12 1 1
collab-server/internal/store/migrations.go:354.46,357.16 3 1
collab-server/internal/store/migrations.go:357.16,359.3 1 1
collab-server/internal/store/migrations.go:361.2,365.12 2 1
collab-server/internal/store/migrations.go:368.43,372.24 3 1
collab-server/internal/store/migrations.go:372.24,374.3 1 1
collab-server/internal/store/migrations.go:376.2,377.30 2 0
collab-server/internal/store/migrations.go:377.30,379.3 1 0
collab-server/internal/store/migrations.go:381.2,382.28 2 0
collab-server/internal/store/migrations.go:382.28,384.3 1 0
collab-server/internal/store/migrations.go:386.2,386.12 1 0
collab-server/internal/store/migrations.go:389.45,394.32 4 1
collab-server/internal/store/migrations.go:394.32,396.48 2 0
collab-server/internal/store/migrations.go:396.48,403.4 6 0
collab-server/internal/store/migrations.go:403.9,405.4 1 0
collab-server/internal/store/migrations.go:408.2,408.12 1 1
collab-server/internal/store/migrations.go:411.47,415.32 3 1
collab-server/internal/store/migrations.go:415.32,417.21 2 0
collab-server/internal/store/migrations.go:417.21,418.12 1 0
collab-server/internal/store/migrations.go:421.3,426.29 4 0
collab-server/internal/store/migrations.go:426.29,427.26 1 0
collab-server/internal/store/migrations.go:427.26,429.5 1 0
collab-server/internal/store/migrations.go:433.2,433.12 1 1
collab-server/internal/store/migrations.go:436.42,438.21 2 0
collab-server/internal/store/migrations.go:438.21,440.3 1 0
collab-server/internal/store/migrations.go:441.2,442.42 2 0
collab-server/internal/store/migrations.go:445.43,446.37 1 0
collab-server/internal/store/migrations.go:446.37,448.3 1 0
collab-server/internal/store/migrations.go:449.2,451.57 3 0
collab-server/internal/store/migrations.go:451.57,453.3 1 0
collab-server/internal/store/migrations.go:454.2,454.14 1 0
collab-server/internal/store/queries.go:76.47,79.28 3 1
collab-server/internal/store/queries.go:79.28,80.17 1 1
collab-server/internal/store/queries.go:80.17,82.4 1 1
collab-server/internal/store/queries.go:84.2,84.12 1 1
collab-server/internal/store/queries.go:88.60,92.23 3 1
collab-server/internal/store/queries.go:92.23,93.83 1 1
collab-server/internal/store/queries.go:93.83,95.25 2 0
collab-server/internal/store/queries.go:95.25,97.62 2 0
collab-server/internal/store/queries.go:97.62,99.6 1 0
collab-server/internal/store/queries.go:99.11,100.11 1 0
collab-server/internal/store/queries.go:103.4,104.18 2 0
collab-server/internal/store/queries.go:104.18,105.62 1 0
collab-server/internal/store/queries.go:105.62,107.6 1 0
collab-server/internal/store/queries.go:109.4,109.9 1 0
collab-server/internal/store/queries.go:110.9,112.4 1 1
collab-server/internal/store/queries.go:114.2,114.12 1 1
collab-server/internal/store/queries.go:118.34,121.23 3 1
collab-server/internal/store/queries.go:121.23,122.15 1 1
collab-server/internal/store/queries.go:122.15,125.4 2 1
collab-server/internal/store/queries.go:127.2,127.12 1 1
collab-server/internal/store/queries.go:130.61,133.16 3 1
collab-server/internal/store/queries.go:133.16,135.3 1 0
collab-server/internal/store/queries.go:136.2,136.19 1 1
collab-server/internal/store/queries.go:139.55,142.16 3 1
collab-server/internal/store/queries.go:142.16,144.3 1 1
collab-server/internal/store/queries.go:145.2,145.19 1 1
collab-server/internal/store/queries.go:148.63,151.16 3 1
collab-server/internal/store/queries.go:151.16,153.3 1 0
collab-server/internal/store/queries.go:154.2,154.19 1 1
collab-server/internal/store/queries.go:157.46,158.19 1 1
collab-server/internal/store/queries.go:158.19,160.3 1 1
collab-server/internal/store/queries.go:161.2,161.25 1 1
collab-server/internal/store/queries.go:161.25,163.3 1 1
collab-server/internal/store/queries.go:164.2,164.32 1 1
collab-server/internal/store/queries.go:167.45,171.2 3 0
collab-server/internal/store/queries.go:173.65,176.16 3 1
collab-server/internal/store/queries.go:176.16,178.3 1 0
collab-server/internal/store/queries.go:179.2,179.17 1 1
collab-server/internal/store/queries.go:182.69,183.50 1 1
collab-server/internal/store/queries.go:183.50,185.69 2 1
collab-server/internal/store/queries.go:185.69,187.4 1 0
collab-server/internal/store/queries.go:188.3,188.23 1 1
collab-server/internal/store/queries.go:188.23,190.4 1 1
collab-server/internal/store/queries.go:191.3,192.49 2 1
collab-server/internal/store/queries.go:192.49,194.4 1 0
collab-server/internal/store/queries.go:195.3,198.11 1 1
collab-server/internal/store/queries.go:202.78,206.2 3 1
collab-server/internal/store/queries.go:208.61,209.25 1 1
collab-server/internal/store/queries.go:209.25,211.3 1 0
collab-server/internal/store/queries.go:212.2,214.28 1 1
collab-server/internal/store/queries.go:217.50,218.17 1 1
collab-server/internal/store/queries.go:218.17,220.3 1 1
collab-server/internal/store/queries.go:221.2,221.23 1 1
collab-server/internal/store/queries.go:221.23,223.3 1 1
collab-server/internal/store/queries.go:224.2,224.30 1 1
collab-server/internal/store/queries.go:227.51,231.2 3 1
collab-server/internal/store/queries.go:233.61,236.16 3 1
collab-server/internal/store/queries.go:236.16,238.3 1 1
collab-server/internal/store/queries.go:239.2,239.17 1 1
collab-server/internal/store/queries.go:242.79,246.2 3 1
collab-server/internal/store/queries.go:248.63,249.26 1 1
collab-server/internal/store/queries.go:249.26,251.3 1 1
collab-server/internal/store/queries.go:252.2,254.30 1 1
collab-server/internal/store/queries.go:257.69,259.2 1 1
collab-server/internal/store/queries.go:261.51,262.18 1 0
collab-server/internal/store/queries.go:262.18,264.3 1 0
collab-server/internal/store/queries.go:265.2,265.24 1 0
collab-server/internal/store/queries.go:265.24,267.3 1 0
collab-server/internal/store/queries.go:268.2,268.31 1 0
collab-server/internal/store/queries.go:271.61,274.16 3 1
collab-server/internal/store/queries.go:274.16,276.3 1 0
collab-server/internal/store/queries.go:277.2,277.18 1 1
collab-server/internal/store/queries.go:280.49,281.26 1 1
collab-server/internal/store/queries.go:281.26,283.3 1 1
collab-server/internal/store/queries.go:284.2,284.33 1 1
collab-server/internal/store/queries.go:287.55,288.22 1 0
collab-server/internal/store/queries.go:288.22,290.3 1 0
collab-server/internal/store/queries.go:291.2,291.35 1 0
collab-server/internal/store/queries.go:294.62,296.108 2 1
collab-server/internal/store/queries.go:296.108,298.3 1 0
collab-server/internal/store/queries.go:299.2,299.30 1 1
collab-server/internal/store/queries.go:299.30,302.3 2 1
collab-server/internal/store/queries.go:303.2,303.12 1 1
collab-server/internal/store/queries.go:306.75,308.14 2 1
collab-server/internal/store/queries.go:309.16,310.69 1 1
collab-server/internal/store/queries.go:311.15,312.35 1 1
collab-server/internal/store/queries.go:313.10,314.13 1 1
collab-server/internal/store/queries.go:316.2,317.26 2 1
collab-server/internal/store/queries.go:317.26,319.49 2 1
collab-server/internal/store/queries.go:319.49,321.4 1 0
collab-server/internal/store/queries.go:323.2,323.12 1 1
collab-server/internal/store/queries.go:338.123,339.31 1 1
collab-server/internal/store/queries.go:339.31,341.3 1 0
collab-server/internal/store/queries.go:342.2,350.18 4 1
collab-server/internal/store/queries.go:350.18,352.3 1 0
collab-server/internal/store/queries.go:352.8,352.26 1 1
collab-server/internal/store/queries.go:352.26,354.3 1 0
collab-server/internal/store/queries.go:354.8,356.3 1 1
collab-server/internal/store/queries.go:358.2,358.63 1 1
collab-server/internal/store/queries.go:358.63,360.3 1 0
collab-server/internal/store/queries.go:362.2,363.13 2 1
collab-server/internal/store/queries.go:363.13,365.3 1 0
collab-server/internal/store/queries.go:368.2,368.18 1 1
collab-server/internal/store/queries.go:368.18,369.54 1 1
collab-server/internal/store/queries.go:369.54,371.4 1 0
collab-server/internal/store/queries.go:375.2,378.27 3 1
collab-server/internal/store/queries.go:382.104,383.30 1 1
collab-server/internal/store/queries.go:383.30,385.3 1 0
collab-server/internal/store/queries.go:387.2,395.16 3 1
collab-server/internal/store/queries.go:395.16,397.3 1 0
collab-server/internal/store/queries.go:399.2,401.18 3 1
collab-server/internal/store/queries.go:406.159,421.34 7 1
collab-server/internal/store/queries.go:421.34,424.16 3 1
collab-server/internal/store/queries.go:424.16,426.4 1 1
collab-server/internal/store/queries.go:430.2,432.99 3 1
collab-server/internal/store/queries.go:432.99,434.3 1 1
collab-server/internal/store/queries.go:437.2,439.105 3 1
collab-server/internal/store/queries.go:439.105,441.3 1 1
collab-server/internal/store/queries.go:443.2,443.50 1 1
collab-server/internal/store/queries.go:443.50,453.46 2 1
collab-server/internal/store/queries.go:453.46,455.4 1 0
collab-server/internal/store/queries.go:457.3,457.37 1 1
collab-server/internal/store/queries.go:457.37,464.45 2 1
collab-server/internal/store/queries.go:464.45,466.5 1 0
collab-server/internal/store/queries.go:470.3,483.46 3 1
collab-server/internal/store/queries.go:483.46,485.4 1 0
collab-server/internal/store/queries.go:488.3,488.37 1 1
collab-server/internal/store/queries.go:488.37,494.46 3 1
collab-server/internal/store/queries.go:494.46,496.5 1 0
collab-server/internal/store/queries.go:499.3,499.13 1 1
collab-server/internal/store/queries.go:501.2,501.16 1 1
collab-server/internal/store/queries.go:501.16,503.3 1 0
collab-server/internal/store/queries.go:505.2,518.28 2 1
collab-server/internal/store/queries.go:518.28,520.3 1 1
collab-server/internal/store/queries.go:522.2,522.20 1 1
collab-server/internal/store/queries.go:526.86,531.23 2 1
collab-server/internal/store/queries.go:531.23,533.3 1 0
collab-server/internal/store/queries.go:535.2,541.16 3 1
collab-server/internal/store/queries.go:541.16,543.3 1 0
collab-server/internal/store/queries.go:545.2,546.18 2 1
collab-server/internal/store/queries.go:551.68,556.95 4 1
collab-server/internal/store/queries.go:556.95,558.3 1 0
collab-server/internal/store/queries.go:559.2,559.26 1 1
collab-server/internal/store/queries.go:559.26,561.3 1 1
collab-server/internal/store/queries.go:562.2,562.17 1 0
collab-server/internal/store/queries.go:566.65,568.16 2 1
collab-server/internal/store/queries.go:568.16,570.3 1 0
collab-server/internal/store/queries.go:571.2,571.32 1 1
collab-server/internal/store/queries.go:571.32,573.3 1 0
collab-server/internal/store/queries.go:575.2,577.15 3 1
collab-server/internal/store/queries.go:577.15,579.3 1 1
collab-server/internal/store/queries.go:581.2,582.87 2 0
collab-server/internal/store/queries.go:582.87,584.3 1 0
collab-server/internal/store/queries.go:585.2,585.14 1 0
collab-server/internal/store/queries.go:589.64,593.2 3 1
collab-server/internal/store/queries.go:596.50,601.2 4 1
collab-server/internal/store/queries.go:604.53,607.2 2 1
collab-server/internal/store/queries.go:610.73,613.16 3 1
collab-server/internal/store/queries.go:613.16,615.3 1 1
collab-server/internal/store/queries.go:616.2,616.19 1 1
collab-server/internal/store/queries.go:621.58,622.22 1 1
collab-server/internal/store/queries.go:622.22,626.30 4 1
collab-server/internal/store/queries.go:626.30,628.4 1 0
collab-server/internal/store/queries.go:629.3,629.25 1 1
collab-server/internal/store/queries.go:633.52,634.22 1 1
collab-server/internal/store/queries.go:634.22,635.31 1 1
collab-server/internal/store/queries.go:635.31,637.4 1 0
collab-server/internal/store/queries.go:643.67,656.2 3 1
collab-server/internal/store/queries.go:658.84,676.2 3 1
collab-server/internal/store/queries.go:678.85,695.2 3 1
collab-server/internal/store/queries.go:697.92,712.16 3 1
collab-server/internal/store/queries.go:712.16,714.3 1 0
collab-server/internal/store/queries.go:715.2,715.21 1 1
collab-server/internal/store/queries.go:715.21,717.3 1 0
collab-server/internal/store/queries.go:718.2,718.21 1 1
collab-server/internal/store/queries.go:721.81,731.2 3 1
collab-server/internal/store/queries.go:733.65,736.16 3 1
collab-server/internal/store/queries.go:736.16,738.3 1 1
collab-server/internal/store/queries.go:739.2,739.17 1 1
collab-server/internal/store/queries.go:742.73,745.16 3 1
collab-server/internal/store/queries.go:745.16,747.3 1 0
collab-server/internal/store/queries.go:748.2,748.17 1 1
collab-server/internal/store/queries.go:751.72,753.2 1 1
collab-server/internal/store/queries.go:755.52,758.2 2 1
collab-server/internal/store/queries.go:760.65,765.2 2 1
collab-server/internal/store/queries.go:767.62,769.93 2 1
collab-server/internal/store/queries.go:769.93,771.3 1 0
collab-server/internal/store/queries.go:772.2,773.26 2 1
collab-server/internal/store/queries.go:773.26,776.3 2 1
collab-server/internal/store/queries.go:777.2,777.12 1 1
collab-server/internal/store/queries.go:780.91,791.16 4 1
collab-server/internal/store/queries.go:791.16,793.3 1 0
collab-server/internal/store/queries.go:794.2,794.53 1 1
collab-server/internal/store/queries.go:794.53,796.3 1 0
collab-server/internal/store/queries.go:797.2,797.18 1 1
collab-server/internal/store/queries.go:800.90,802.20 2 1
collab-server/internal/store/queries.go:802.20,804.3 1 0
collab-server/internal/store/queries.go:804.8,806.3 1 1
collab-server/internal/store/queries.go:807.2,807.81 1 1
collab-server/internal/store/queries.go:810.120,811.38 1 1
collab-server/internal/store/queries.go:811.38,813.92 2 1
collab-server/internal/store/queries.go:813.92,815.4 1 0
collab-server/internal/store/queries.go:816.3,820.21 3 1
collab-server/internal/store/queries.go:820.21,822.4 1 0
collab-server/internal/store/queries.go:822.9,824.4 1 1
collab-server/internal/store/queries.go:825.3,826.68 2 1
collab-server/internal/store/queries.go:826.68,828.4 1 1
collab-server/internal/store/queries.go:829.8,831.21 2 1
collab-server/internal/store/queries.go:831.21,833.4 1 0
collab-server/internal/store/queries.go:833.9,835.4 1 1
collab-server/internal/store/queries.go:836.3,837.69 2 1
collab-server/internal/store/queries.go:837.69,839.4 1 1
collab-server/internal/store/queries.go:841.2,841.27 1 1
collab-server/internal/store/queries.go:844.49,848.55 2 1
collab-server/internal/store/queries.go:848.55,850.3 1 0
collab-server/internal/store/queries.go:851.2,851.20 1 1
collab-server/internal/store/queries.go:854.113,860.53 5 1
collab-server/internal/store/queries.go:860.53,862.3 1 0
collab-server/internal/store/queries.go:864.2,864.26 1 1
collab-server/internal/store/queries.go:864.26,872.49 2 1
collab-server/internal/store/queries.go:872.49,874.4 1 0
collab-server/internal/store/queries.go:876.2,876.12 1 1
collab-server/internal/store/queries.go:879.62,881.2 1 1
collab-server/internal/store/queries.go:885.63,886.20 1 1
collab-server/internal/store/queries.go:886.20,888.3 1 1
collab-server/internal/store/queries.go:889.2,889.26 1 1
collab-server/internal/store/queries.go:889.26,891.3 1 1
collab-server/internal/store/queries.go:892.2,892.33 1 1
collab-server/internal/store/queries.go:895.67,898.16 3 1
collab-server/internal/store/queries.go:898.16,900.3 1 1
collab-server/internal/store/queries.go:901.2,901.16 1 1
collab-server/internal/store/queries.go:904.59,906.2 1 1
collab-server/internal/store/queries.go:908.53,910.2 1 1
collab-server/internal/store/queries.go:912.61,916.2 3 1
collab-server/internal/store/queries.go:918.47,921.54 2 1
collab-server/internal/store/queries.go:921.54,923.3 1 1
collab-server/internal/store/queries.go:924.2,924.19 1 1
collab-server/internal/store/queries.go:927.101,928.38 1 1
collab-server/internal/store/queries.go:928.38,930.91 2 1
collab-server/internal/store/queries.go:930.91,932.4 1 0
collab-server/internal/store/queries.go:933.3,937.87 3 1
collab-server/internal/store/queries.go:937.87,939.4 1 1
collab-server/internal/store/queries.go:940.8,943.58 2 1
collab-server/internal/store/queries.go:943.58,945.4 1 1
collab-server/internal/store/queries.go:947.2,947.27 1 1
collab-server/internal/store/queries.go:950.69,952.2 1 1
collab-server/internal/store/queries.go:954.67,956.118 2 1
collab-server/internal/store/queries.go:956.118,958.3 1 0
collab-server/internal/store/queries.go:959.2,960.30 2 1
collab-server/internal/store/queries.go:960.30,962.3 1 1
collab-server/internal/store/queries.go:963.2,963.18 1 1
collab-server/internal/store/queries.go:963.18,965.3 1 1
collab-server/internal/store/queries.go:966.2,966.17 1 1
collab-server/internal/store/queries.go:971.76,977.16 5 1
collab-server/internal/store/queries.go:977.16,979.3 1 1
collab-server/internal/store/queries.go:981.2,990.46 2 1
collab-server/internal/store/queries.go:990.46,991.62 1 0
collab-server/internal/store/queries.go:991.62,993.4 1 0
collab-server/internal/store/queries.go:994.3,994.18 1 0
collab-server/internal/store/queries.go:997.2,998.26 2 1
collab-server/internal/store/queries.go:998.26,1000.3 1 1
collab-server/internal/store/queries.go:1002.2,1002.16 1 1
collab-server/internal/store/queries.go:1005.79,1039.16 4 1
collab-server/internal/store/queries.go:1039.16,1041.3 1 0
collab-server/internal/store/queries.go:1043.2,1044.25 2 1
collab-server/internal/store/queries.go:1044.25,1052.78 2 1
collab-server/internal/store/queries.go:1052.78,1054.4 1 0
collab-server/internal/store/queries.go:1055.3,1055.19 1 1
collab-server/internal/store/queries.go:1057.2,1057.20 1 1
collab-server/internal/store/queries_phase2b.go:17.50,21.2 3 1
collab-server/internal/store/queries_phase2b.go:23.69,25.2 1 1
collab-server/internal/store/queries_phase2b.go:27.49,29.50 2 1
collab-server/internal/store/queries_phase2b.go:29.50,33.24 1 1
collab-server/internal/store/queries_phase2b.go:33.24,35.4 1 0
collab-server/internal/store/queries_phase2b.go:36.3,41.32 5 1
collab-server/internal/store/queries_phase2b.go:41.32,48.4 3 0
collab-server/internal/store/queries_phase2b.go:49.3,49.13 1 1
collab-server/internal/store/queries_phase2b.go:53.49,55.2 1 1
collab-server/internal/store/queries_phase2b.go:57.46,59.2 1 1
collab-server/internal/store/queries_phase2b.go:61.104,63.40 2 1
collab-server/internal/store/queries_phase2b.go:63.40,65.3 1 0
collab-server/internal/store/queries_phase2b.go:66.2,74.46 3 1
collab-server/internal/store/queries_phase2b.go:74.46,76.3 1 0
collab-server/internal/store/queries_phase2b.go:77.2,77.16 1 1
collab-server/internal/store/queries_phase2b.go:80.57,84.2 3 1
collab-server/internal/store/queries_phase2b.go:86.61,88.25 2 1
collab-server/internal/store/queries_phase2b.go:88.25,90.3 1 0
collab-server/internal/store/queries_phase2b.go:91.2,91.37 1 1
collab-server/internal/store/queries_phase2b.go:94.59,98.2 3 1
collab-server/internal/store/queries_phase2b.go:100.53,102.50 2 1
collab-server/internal/store/queries_phase2b.go:102.50,103.98 1 1
collab-server/internal/store/queries_phase2b.go:103.98,105.4 1 0
collab-server/internal/store/queries_phase2b.go:106.3,115.30 5 1
collab-server/internal/store/queries_phase2b.go:121.67,125.2 3 1
collab-server/internal/store/queries_phase2b.go:127.49,131.2 3 1
collab-server/internal/store/queries_phase2b.go:133.52,136.16 3 1
collab-server/internal/store/queries_phase2b.go:136.16,138.3 1 0
collab-server/internal/store/queries_phase2b.go:139.2,139.19 1 1
collab-server/internal/store/queries_phase2b.go:150.68,159.2 2 1
collab-server/internal/store/queries_phase2b.go:161.71,163.30 2 1
collab-server/internal/store/queries_phase2b.go:163.30,165.3 1 0
collab-server/internal/store/queries_phase2b.go:166.2,166.21 1 1
collab-server/internal/store/queries_phase2b.go:169.87,171.111 2 1
collab-server/internal/store/queries_phase2b.go:171.111,173.3 1 0
collab-server/internal/store/queries_phase2b.go:175.2,177.30 3 1
collab-server/internal/store/queries_phase2b.go:177.30,178.46 1 1
collab-server/internal/store/queries_phase2b.go:178.46,180.4 1 1
collab-server/internal/store/queries_phase2b.go:181.3,181.58 1 1
collab-server/internal/store/queries_phase2b.go:184.2,185.35 2 1
collab-server/internal/store/queries_phase2b.go:185.35,192.3 2 1
collab-server/internal/store/queries_phase2b.go:193.2,193.20 1 1
collab-server/internal/store/queries_phase2b.go:198.105,201.21 3 1
collab-server/internal/store/queries_phase2b.go:201.21,203.3 1 0
collab-server/internal/store/queries_phase2b.go:203.8,205.3 1 1
collab-server/internal/store/queries_phase2b.go:206.2,207.19 2 1
collab-server/internal/store/queries_phase2b.go:210.69,213.16 3 1
collab-server/internal/store/queries_phase2b.go:213.16,215.3 1 0
collab-server/internal/store/queries_phase2b.go:216.2,216.16 1 1
collab-server/internal/store/queries_phase2b.go:219.82,220.19 1 1
collab-server/internal/store/queries_phase2b.go:220.19,222.3 1 1
collab-server/internal/store/queries_phase2b.go:223.2,224.25 2 1
collab-server/internal/store/queries_phase2b.go:224.25,226.3 1 1
collab-server/internal/store/queries_phase2b.go:227.2,227.25 1 1
collab-server/internal/store/queries_phase2b.go:227.25,229.3 1 1
collab-server/internal/store/queries_phase2b.go:230.2,230.48 1 1
collab-server/internal/store/queries_phase2b.go:230.48,232.3 1 0
collab-server/internal/store/queries_phase2b.go:233.2,233.18 1 1
collab-server/internal/store/queries_phase2b.go:236.54,238.65 2 1
collab-server/internal/store/queries_phase2b.go:238.65,240.3 1 0
collab-server/internal/store/queries_phase2b.go:241.2,241.19 1 1
collab-server/internal/store/queries_phase2b.go:241.19,244.34 3 1
collab-server/internal/store/queries_phase2b.go:244.34,246.4 1 1
collab-server/internal/store/queries_phase2b.go:248.2,248.64 1 1
collab-server/internal/store/queries_phase2b.go:251.78,255.23 1 1
collab-server/internal/store/queries_phase2b.go:255.23,257.3 1 0
collab-server/internal/store/queries_phase2b.go:258.2,258.31 1 1
collab-server/internal/store/queries_phase2b.go:261.70,266.2 1 1
collab-server/internal/store/queries_phase2b.go:268.113,280.45 3 1
collab-server/internal/store/queries_phase2b.go:280.45,282.3 1 0
collab-server/internal/store/queries_phase2b.go:283.2,283.15 1 1
collab-server/internal/store/queries_phase2b.go:286.88,288.96 2 1
collab-server/internal/store/queries_phase2b.go:288.96,290.3 1 0
collab-server/internal/store/queries_phase2b.go:291.2,291.31 1 1
collab-server/internal/store/queries_phase2b.go:294.78,298.2 3 1
collab-server/internal/store/queries_phase2b.go:300.95,303.21 3 1
collab-server/internal/store/queries_phase2b.go:303.21,305.3 1 0
collab-server/internal/store/queries_phase2b.go:305.8,307.3 1 1
collab-server/internal/store/queries_phase2b.go:308.2,309.19 2 1
collab-server/internal/store/queries_phase2b.go:312.61,314.29 2 1
collab-server/internal/store/queries_phase2b.go:314.29,316.3 1 1
collab-server/internal/store/queries_phase2b.go:317.2,317.23 1 1
collab-server/internal/store/queries_phase2b.go:317.23,319.3 1 1
collab-server/internal/store/queries_phase2b.go:320.2,322.20 3 1
collab-server/internal/store/queries_phase2b.go:322.20,324.29 2 1
collab-server/internal/store/queries_phase2b.go:324.29,326.4 1 1
collab-server/internal/store/queries_phase2b.go:332.83,334.40 2 1
collab-server/internal/store/queries_phase2b.go:334.40,336.3 1 0
collab-server/internal/store/queries_phase2b.go:337.2,344.48 2 1
collab-server/internal/store/queries_phase2b.go:344.48,346.3 1 0
collab-server/internal/store/queries_phase2b.go:347.2,347.18 1 1
collab-server/internal/store/queries_phase2b.go:350.70,354.2 3 1
collab-server/internal/store/queries_phase2b.go:356.63,359.16 3 1
collab-server/internal/store/queries_phase2b.go:359.16,361.3 1 1
collab-server/internal/store/queries_phase2b.go:362.2,362.19 1 1
collab-server/internal/store/queries_phase2b.go:365.51,366.50 1 1
collab-server/internal/store/queries_phase2b.go:366.50,369.3 2 1
collab-server/internal/store/queries_phase2b.go:372.100,381.45 2 1
collab-server/internal/store/queries_phase2b.go:381.45,383.3 1 0
collab-server/internal/store/queries_phase2b.go:384.2,384.15 1 1
collab-server/internal/store/queries_phase2b.go:387.76,391.2 3 1
collab-server/internal/store/queries_phase2b.go:393.69,396.16 3 1
collab-server/internal/store/queries_phase2b.go:396.16,398.3 1 0
collab-server/internal/store/queries_phase2b.go:399.2,399.16 1 1
collab-server/internal/store/queries_phase2b.go:402.54,404.2 1 1
collab-server/internal/store/queries_phase2b.go:406.94,414.2 3 1
collab-server/internal/store/queries_phase2b.go:416.64,418.2 1 1
collab-server/internal/store/queries_phase2b.go:420.39,422.40 2 1
collab-server/internal/store/queries_phase2b.go:422.40,424.3 1 0
collab-server/internal/store/queries_phase2b.go:425.2,425.44 1 1
collab-server/internal/store/queries_phase3.go:5.95,9.46 3 1
collab-server/internal/store/queries_phase3.go:9.46,11.3 1 0
collab-server/internal/store/queries_phase3.go:12.2,12.20 1 1
collab-server/internal/store/queries_phase3.go:15.128,19.46 3 1
collab-server/internal/store/queries_phase3.go:19.46,21.3 1 0
collab-server/internal/store/queries_phase3.go:22.2,22.20 1 1
collab-server/internal/store/queries_phase3.go:25.41,29.2 3 1
collab-server/internal/store/queries_phase3.go:31.59,38.2 3 1
collab-server/internal/store/queries_phase3.go:40.73,42.85 2 1
collab-server/internal/store/queries_phase3.go:42.85,44.3 1 0
collab-server/internal/store/queries_phase3.go:45.2,45.19 1 1
collab-server/internal/store/queries_phase3.go:48.63,51.2 2 1
collab-server/internal/store/queries_phase3.go:53.64,55.74 2 1
collab-server/internal/store/queries_phase3.go:55.74,57.3 1 0
collab-server/internal/store/queries_phase3.go:58.2,58.17 1 1
collab-server/internal/store/queries_phase3.go:61.75,63.117 2 0
collab-server/internal/store/queries_phase3.go:63.117,65.3 1 0
collab-server/internal/store/queries_phase3.go:66.2,66.23 1 0
collab-server/internal/testutil/server.go:19.83,23.16 3 0
collab-server/internal/testutil/server.go:23.16,25.3 1 0
collab-server/internal/testutil/server.go:26.2,26.36 1 0
collab-server/internal/testutil/server.go:26.36,28.3 1 0
collab-server/internal/testutil/server.go:30.2,48.44 5 0
collab-server/internal/testutil/server.go:48.44,50.3 1 0
collab-server/internal/testutil/server.go:51.2,51.69 1 0
collab-server/internal/testutil/server.go:51.69,53.3 1 0
collab-server/internal/testutil/server.go:55.2,63.45 4 0
collab-server/internal/testutil/server.go:63.45,65.3 1 0
collab-server/internal/testutil/server.go:66.2,66.71 1 0
collab-server/internal/testutil/server.go:66.71,68.3 1 0
collab-server/internal/testutil/server.go:70.2,82.49 3 0
collab-server/internal/testutil/server.go:82.49,84.3 1 0
collab-server/internal/testutil/server.go:85.2,91.19 6 0
collab-server/internal/testutil/server.go:91.19,94.3 2 0
collab-server/internal/testutil/server.go:96.2,96.19 1 0
collab-server/internal/testutil/server.go:99.70,104.16 4 0
collab-server/internal/testutil/server.go:104.16,106.3 1 0
collab-server/internal/testutil/server.go:107.2,109.38 2 0
collab-server/internal/testutil/server.go:109.38,112.3 2 0
collab-server/internal/testutil/server.go:114.2,114.35 1 0
collab-server/internal/testutil/server.go:114.35,115.31 1 0
collab-server/internal/testutil/server.go:115.31,117.4 1 0
collab-server/internal/testutil/server.go:119.2,120.11 2 0
collab-server/internal/testutil/server.go:123.95,127.17 3 0
collab-server/internal/testutil/server.go:127.17,130.3 2 0
collab-server/internal/testutil/server.go:132.2,133.16 2 0
collab-server/internal/testutil/server.go:133.16,135.3 1 0
collab-server/internal/testutil/server.go:136.2,137.17 2 0
collab-server/internal/testutil/server.go:137.17,139.3 1 0
collab-server/internal/testutil/server.go:141.2,141.83 1 0
collab-server/internal/testutil/server.go:141.83,141.117 1 0
collab-server/internal/testutil/server.go:142.2,143.16 2 0
collab-server/internal/testutil/server.go:143.16,145.3 1 0
collab-server/internal/testutil/server.go:147.2,152.21 5 0
collab-server/internal/testutil/server.go:155.92,161.43 3 0
collab-server/internal/testutil/server.go:161.43,163.3 1 0
collab-server/internal/testutil/server.go:164.2,165.11 2 0
collab-server/internal/testutil/server.go:168.92,173.43 3 0
collab-server/internal/testutil/server.go:173.43,175.3 1 0
collab-server/internal/testutil/server.go:176.2,177.12 2 0
collab-server/internal/ws/client.go:39.74,50.2 1 1
collab-server/internal/ws/client.go:52.36,53.9 1 1
collab-server/internal/ws/client.go:54.22,54.22 0 1
collab-server/internal/ws/client.go:55.10,55.10 0 0
collab-server/internal/ws/client.go:59.34,61.16 2 1
collab-server/internal/ws/client.go:61.16,63.3 1 0
collab-server/internal/ws/client.go:64.2,64.14 1 1
collab-server/internal/ws/client.go:67.29,69.2 1 0
collab-server/internal/ws/client.go:71.54,75.2 3 1
collab-server/internal/ws/client.go:77.46,81.2 3 1
collab-server/internal/ws/client.go:83.48,87.2 3 1
collab-server/internal/ws/client.go:89.36,92.14 3 0
collab-server/internal/ws/client.go:92.14,94.3 1 0
collab-server/internal/ws/client.go:95.2,96.13 2 0
collab-server/internal/ws/client.go:99.29,103.2 3 1
collab-server/internal/ws/client.go:105.26,107.9 2 0
collab-server/internal/ws/client.go:108.16,108.16 0 0
collab-server/internal/ws/client.go:109.10,110.16 1 0
collab-server/internal/ws/client.go:114.49,115.6 1 1
collab-server/internal/ws/client.go:115.6,116.10 1 1
collab-server/internal/ws/client.go:117.21,118.10 1 1
collab-server/internal/ws/client.go:119.17,120.10 1 0
collab-server/internal/ws/client.go:121.28,122.11 1 1
collab-server/internal/ws/client.go:122.11,124.5 1 0
collab-server/internal/ws/client.go:125.4,125.49 1 1
collab-server/internal/ws/client.go:149.46,150.54 1 1
collab-server/internal/ws/client.go:150.54,152.18 2 1
collab-server/internal/ws/client.go:152.18,155.4 2 0
collab-server/internal/ws/client.go:157.3,160.17 2 1
collab-server/internal/ws/client.go:160.17,163.4 2 0
collab-server/internal/ws/client.go:165.3,179.16 7 1
collab-server/internal/ws/client.go:179.16,188.4 4 1
collab-server/internal/ws/client.go:190.3,190.7 1 1
collab-server/internal/ws/client.go:190.7,192.18 2 1
collab-server/internal/ws/client.go:192.18,194.5 1 1
collab-server/internal/ws/client.go:196.4,197.53 2 1
collab-server/internal/ws/client.go:197.53,198.13 1 0
collab-server/internal/ws/client.go:201.4,203.20 2 1
collab-server/internal/ws/client.go:204.16,205.55 1 1
collab-server/internal/ws/client.go:206.16,206.16 0 0
collab-server/internal/ws/client.go:208.21,209.33 1 1
collab-server/internal/ws/client.go:210.23,211.35 1 1
collab-server/internal/ws/client.go:212.18,213.30 1 1
collab-server/internal/ws/client.go:214.24,215.35 1 1
collab-server/internal/ws/client.go:216.29,217.40 1 0
collab-server/internal/ws/client.go:223.60,224.90 1 1
collab-server/internal/ws/client.go:224.90,226.108 2 0
collab-server/internal/ws/client.go:226.108,228.4 1 0
collab-server/internal/ws/client.go:231.2,231.91 1 1
collab-server/internal/ws/client.go:231.91,233.108 2 0
collab-server/internal/ws/client.go:233.108,235.4 1 0
collab-server/internal/ws/client.go:238.2,238.54 1 1
collab-server/internal/ws/client.go:238.54,239.107 1 1
collab-server/internal/ws/client.go:239.107,241.4 1 1
collab-server/internal/ws/client.go:244.2,244.57 1 1
collab-server/internal/ws/client.go:244.57,245.91 1 1
collab-server/internal/ws/client.go:245.91,247.4 1 1
collab-server/internal/ws/client.go:250.2,250.60 1 0
collab-server/internal/ws/client.go:250.60,251.59 1 0
collab-server/internal/ws/client.go:251.59,252.62 1 0
collab-server/internal/ws/client.go:252.62,254.5 1 0
collab-server/internal/ws/client.go:256.3,256.66 1 0
collab-server/internal/ws/client.go:256.66,257.65 1 0
collab-server/internal/ws/client.go:257.65,259.5 1 0
collab-server/internal/ws/client.go:261.3,262.17 2 0
collab-server/internal/ws/client.go:262.17,263.25 1 0
collab-server/internal/ws/client.go:263.25,264.33 1 0
collab-server/internal/ws/client.go:264.33,266.6 1 0
collab-server/internal/ws/client.go:271.2,271.12 1 0
collab-server/internal/ws/client.go:274.48,276.16 2 1
collab-server/internal/ws/client.go:276.16,279.3 2 1
collab-server/internal/ws/client.go:280.2,280.89 1 1
collab-server/internal/ws/client.go:280.89,283.3 2 0
collab-server/internal/ws/client.go:284.2,285.79 2 1
collab-server/internal/ws/client.go:288.50,291.2 2 1
collab-server/internal/ws/client.go:293.45,300.2 1 1
collab-server/internal/ws/client.go:302.50,304.23 2 1
collab-server/internal/ws/client.go:304.23,306.3 1 1
collab-server/internal/ws/client.go:308.2,308.37 1 1
collab-server/internal/ws/client.go:308.37,316.3 1 0
collab-server/internal/ws/client.go:318.2,319.19 2 1
collab-server/internal/ws/client.go:319.19,322.3 2 0
collab-server/internal/ws/client.go:324.2,325.16 2 1
collab-server/internal/ws/client.go:325.16,328.3 2 0
collab-server/internal/ws/client.go:330.2,330.90 1 1
collab-server/internal/ws/client.go:330.90,333.3 2 0
collab-server/internal/ws/client.go:335.2,335.59 1 1
collab-server/internal/ws/client.go:335.59,338.3 2 0
collab-server/internal/ws/client.go:340.2,341.14 2 1
collab-server/internal/ws/client.go:341.14,343.38 2 1
collab-server/internal/ws/client.go:343.38,345.4 1 0
collab-server/internal/ws/client.go:347.2,347.54 1 1
collab-server/internal/ws/client.go:347.54,350.3 2 0
collab-server/internal/ws/client.go:352.2,352.21 1 1
collab-server/internal/ws/client.go:352.21,357.39 2 0
collab-server/internal/ws/client.go:357.39,358.69 1 0
collab-server/internal/ws/client.go:358.69,361.5 2 0
collab-server/internal/ws/client.go:365.2,366.25 2 1
collab-server/internal/ws/client.go:366.25,368.3 1 0
collab-server/internal/ws/client.go:370.2,371.16 2 1
collab-server/internal/ws/client.go:371.16,375.3 3 0
collab-server/internal/ws/client.go:377.2,400.9 5 1
collab-server/internal/ws/client.go:403.55,404.28 1 0
collab-server/internal/ws/client.go:404.28,407.3 2 0
collab-server/internal/ws/client.go:409.2,410.60 2 0
collab-server/internal/ws/client.go:410.60,413.3 2 0
collab-server/internal/ws/client.go:415.2,419.27 4 0
collab-server/internal/ws/client.go:419.27,420.43 1 0
collab-server/internal/ws/client.go:420.43,422.12 2 0
collab-server/internal/ws/client.go:424.3,424.36 1 0
collab-server/internal/ws/client.go:424.36,426.12 2 0
collab-server/internal/ws/client.go:428.3,428.33 1 0
collab-server/internal/ws/client.go:428.33,430.12 2 0
collab-server/internal/ws/client.go:432.3,432.26 1 0
collab-server/internal/ws/client.go:432.26,434.31 2 0
collab-server/internal/ws/client.go:434.31,436.13 2 0
collab-server/internal/ws/client.go:439.3,440.44 2 0
collab-server/internal/ws/client.go:443.2,448.66 4 0
collab-server/internal/ws/client.go:451.29,453.16 2 1
collab-server/internal/ws/client.go:453.16,455.3 1 0
collab-server/internal/ws/client.go:456.2,456.18 1 1
collab-server/internal/ws/client.go:459.21,461.2 1 0
collab-server/internal/ws/client.go:463.20,465.2 1 0
collab-server/internal/ws/client.go:468.60,470.2 1 0
collab-server/internal/ws/commands.go:32.38,37.2 1 1
collab-server/internal/ws/commands.go:39.96,46.32 5 1
collab-server/internal/ws/commands.go:46.32,47.61 1 1
collab-server/internal/ws/commands.go:47.61,49.4 1 0
collab-server/internal/ws/commands.go:52.2,52.32 1 1
collab-server/internal/ws/commands.go:52.32,54.18 2 1
collab-server/internal/ws/commands.go:54.18,56.4 1 0
collab-server/internal/ws/commands.go:57.3,57.24 1 1
collab-server/internal/ws/commands.go:60.2,60.27 1 1
collab-server/internal/ws/commands.go:60.27,70.3 4 1
collab-server/internal/ws/commands.go:73.74,77.2 3 1
collab-server/internal/ws/commands.go:79.70,81.10 2 1
collab-server/internal/ws/commands.go:81.10,83.3 1 1
collab-server/internal/ws/commands.go:84.2,87.24 3 1
collab-server/internal/ws/commands.go:87.24,89.3 1 1
collab-server/internal/ws/commands.go:91.2,92.32 2 1
collab-server/internal/ws/commands.go:92.32,93.37 1 1
collab-server/internal/ws/commands.go:93.37,95.4 1 1
collab-server/internal/ws/commands.go:97.2,99.29 2 1
collab-server/internal/ws/commands.go:99.29,102.29 3 1
collab-server/internal/ws/commands.go:102.29,103.38 1 1
collab-server/internal/ws/commands.go:103.38,105.5 1 0
collab-server/internal/ws/commands.go:107.3,107.18 1 1
collab-server/internal/ws/commands.go:107.18,109.4 1 1
collab-server/internal/ws/commands.go:109.9,111.4 1 0
collab-server/internal/ws/commands.go:113.2,113.13 1 1
collab-server/internal/ws/commands.go:122.50,127.33 4 1
collab-server/internal/ws/commands.go:127.33,129.10 2 1
collab-server/internal/ws/commands.go:129.10,132.4 2 1
collab-server/internal/ws/commands.go:133.3,133.53 1 1
collab-server/internal/ws/commands.go:136.2,137.29 2 1
collab-server/internal/ws/commands.go:137.29,139.3 1 1
collab-server/internal/ws/commands.go:140.2,140.15 1 1
collab-server/internal/ws/commands.go:143.64,147.2 3 1
collab-server/internal/ws/hub.go:41.75,53.2 1 1
collab-server/internal/ws/hub.go:55.48,57.2 1 1
collab-server/internal/ws/hub.go:59.35,63.36 4 1
collab-server/internal/ws/hub.go:63.36,65.3 1 1
collab-server/internal/ws/hub.go:66.2,69.16 3 1
collab-server/internal/ws/hub.go:69.16,71.3 1 1
collab-server/internal/ws/hub.go:74.37,78.48 4 1
collab-server/internal/ws/hub.go:78.48,80.24 2 1
collab-server/internal/ws/hub.go:80.24,83.4 2 1
collab-server/internal/ws/hub.go:87.82,89.16 2 1
collab-server/internal/ws/hub.go:89.16,91.3 1 0
collab-server/internal/ws/hub.go:92.2,94.27 3 1
collab-server/internal/ws/hub.go:94.27,95.19 1 1
collab-server/internal/ws/hub.go:95.19,96.12 1 1
collab-server/internal/ws/hub.go:98.3,98.32 1 1
collab-server/internal/ws/hub.go:98.32,100.4 1 1
collab-server/internal/ws/hub.go:104.59,106.16 2 1
collab-server/internal/ws/hub.go:106.16,108.3 1 0
collab-server/internal/ws/hub.go:109.2,111.39 3 1
collab-server/internal/ws/hub.go:111.39,113.3 1 0
collab-server/internal/ws/hub.go:116.43,118.16 2 1
collab-server/internal/ws/hub.go:118.16,120.3 1 0
collab-server/internal/ws/hub.go:121.2,123.27 3 1
collab-server/internal/ws/hub.go:123.27,125.3 1 1
collab-server/internal/ws/hub.go:128.68,131.39 3 0
collab-server/internal/ws/hub.go:131.39,133.3 1 0
collab-server/internal/ws/hub.go:136.43,140.32 4 1
collab-server/internal/ws/hub.go:140.32,142.3 1 0
collab-server/internal/ws/hub.go:143.2,143.12 1 1
collab-server/internal/ws/hub.go:146.33,148.33 2 1
collab-server/internal/ws/hub.go:148.33,149.10 1 1
collab-server/internal/ws/hub.go:150.25,150.25 0 1
collab-server/internal/ws/hub.go:151.11,151.11 0 0
collab-server/internal/ws/hub.go:154.2,154.27 1 1
collab-server/internal/ws/hub.go:157.47,163.2 5 1
collab-server/internal/ws/hub.go:165.51,169.2 3 1
collab-server/internal/ws/hub.go:171.88,177.2 2 0
collab-server/internal/ws/hub.go:179.66,185.2 2 0
collab-server/internal/ws/hub.go:187.44,189.2 1 0
collab-server/internal/ws/hub.go:191.33,195.2 3 1
collab-server/internal/ws/hub.go:197.36,199.2 1 0
collab-server/internal/ws/hub.go:201.39,203.2 1 0
collab-server/internal/ws/hub.go:205.51,208.6 3 1
collab-server/internal/ws/hub.go:208.6,209.10 1 1
collab-server/internal/ws/hub.go:210.21,211.10 1 0
collab-server/internal/ws/hub.go:212.19,214.29 2 0
collab-server/internal/ws/hub.go:214.29,215.24 1 0
collab-server/internal/ws/hub.go:215.24,216.26 1 0
collab-server/internal/ws/hub.go:216.26,218.7 1 0
collab-server/internal/ws/hub.go:219.11,221.6 1 0
collab-server/internal/ws/hub.go:223.4,223.18 1 0
collab-server/internal/ws/hub.go:228.62,232.2 3 1
collab-server/internal/ws/hub.go:234.48,238.2 3 1
collab-server/internal/ws/hub.go:240.53,244.2 3 0
collab-server/internal/ws/hub.go:246.61,250.2 3 1
collab-server/internal/ws/hub.go:252.47,256.2 3 1
collab-server/internal/ws/hub.go:258.52,262.2 3 0
collab-server/internal/ws/plugin.go:36.46,37.54 1 1
collab-server/internal/ws/plugin.go:37.54,39.92 2 1
collab-server/internal/ws/plugin.go:39.92,41.4 1 1
collab-server/internal/ws/plugin.go:42.3,42.19 1 1
collab-server/internal/ws/plugin.go:42.19,44.4 1 1
collab-server/internal/ws/plugin.go:45.3,45.19 1 1
collab-server/internal/ws/plugin.go:45.19,48.4 2 1
collab-server/internal/ws/plugin.go:49.3,50.59 2 1
collab-server/internal/ws/plugin.go:50.59,53.4 2 0
collab-server/internal/ws/plugin.go:55.3,58.17 2 1
collab-server/internal/ws/plugin.go:58.17,61.4 2 0
collab-server/internal/ws/plugin.go:63.3,79.16 5 1
collab-server/internal/ws/plugin.go:79.16,82.4 2 1
collab-server/internal/ws/plugin.go:84.3,84.7 1 1
collab-server/internal/ws/plugin.go:84.7,86.18 2 1
collab-server/internal/ws/plugin.go:86.18,88.5 1 1
collab-server/internal/ws/plugin.go:90.4,95.53 2 1
collab-server/internal/ws/plugin.go:95.53,96.13 1 0
collab-server/internal/ws/plugin.go:99.4,101.20 2 1
collab-server/internal/ws/plugin.go:102.16,103.51 1 1
collab-server/internal/ws/plugin.go:104.16,104.16 0 0
collab-server/internal/ws/plugin.go:106.23,107.45 1 1
collab-server/internal/ws/plugin.go:108.24,109.46 1 0
collab-server/internal/ws/plugin.go:110.20,111.45 1 0
collab-server/internal/ws/plugin.go:117.74,122.52 2 0
collab-server/internal/ws/plugin.go:122.52,124.3 1 0
collab-server/internal/ws/plugin.go:125.2,125.47 1 0
collab-server/internal/ws/plugin.go:128.73,134.51 2 1
collab-server/internal/ws/plugin.go:134.51,141.3 2 0
collab-server/internal/ws/plugin.go:143.2,144.18 2 1
collab-server/internal/ws/plugin.go:144.18,146.3 1 0
collab-server/internal/ws/plugin.go:148.2,149.23 2 1
collab-server/internal/ws/plugin.go:149.23,151.3 1 0
collab-server/internal/ws/plugin.go:153.2,162.33 8 1
collab-server/internal/ws/plugin.go:162.33,164.3 1 1
collab-server/internal/ws/plugin.go:164.8,166.3 1 0
collab-server/internal/ws/plugin.go:168.2,175.4 1 1
collab-server/internal/ws/plugin.go:178.39,180.16 2 1
collab-server/internal/ws/plugin.go:180.16,182.3 1 0
collab-server/internal/ws/plugin.go:183.2,183.9 1 1
collab-server/internal/ws/plugin.go:184.23,184.23 0 1
collab-server/internal/ws/plugin.go:185.10,185.10 0 0
collab-server/internal/ws/plugin.go:189.41,190.9 1 0
collab-server/internal/ws/plugin.go:191.23,191.23 0 0
collab-server/internal/ws/plugin.go:192.10,192.10 0 0
collab-server/internal/ws/plugin.go:196.93,204.15 6 0
collab-server/internal/ws/plugin.go:204.15,208.3 3 0
collab-server/internal/ws/plugin.go:210.2,218.17 2 0
collab-server/internal/ws/plugin.go:218.17,220.3 1 0
collab-server/internal/ws/plugin.go:221.2,223.9 2 0
collab-server/internal/ws/plugin.go:224.20,225.19 1 0
collab-server/internal/ws/plugin.go:226.38,227.52 1 0
collab-server/internal/ws/plugin.go:231.74,235.8 4 0
collab-server/internal/ws/plugin.go:235.8,236.10 1 0
collab-server/internal/ws/plugin.go:237.57,237.57 0 0
collab-server/internal/ws/plugin.go:238.11,238.11 0 0
collab-server/internal/ws/plugin.go:243.54,244.6 1 1
collab-server/internal/ws/plugin.go:244.6,245.10 1 1
collab-server/internal/ws/plugin.go:246.21,247.10 1 1
collab-server/internal/ws/plugin.go:248.18,249.10 1 0
collab-server/internal/ws/plugin.go:250.29,251.11 1 1
collab-server/internal/ws/plugin.go:251.11,253.5 1 0
collab-server/internal/ws/plugin.go:254.4,254.50 1 1
collab-server/internal/ws/remote.go:28.46,29.54 1 1
collab-server/internal/ws/remote.go:29.54,31.92 2 1
collab-server/internal/ws/remote.go:31.92,33.4 1 1
collab-server/internal/ws/remote.go:34.3,34.18 1 1
collab-server/internal/ws/remote.go:34.18,36.4 1 1
collab-server/internal/ws/remote.go:37.3,37.18 1 1
collab-server/internal/ws/remote.go:37.18,40.4 2 1
collab-server/internal/ws/remote.go:42.3,43.17 2 1
collab-server/internal/ws/remote.go:43.17,46.4 2 0
collab-server/internal/ws/remote.go:48.3,53.17 3 1
collab-server/internal/ws/remote.go:53.17,56.4 2 0
collab-server/internal/ws/remote.go:58.3,74.16 5 1
collab-server/internal/ws/remote.go:74.16,77.4 2 1
collab-server/internal/ws/remote.go:79.3,79.7 1 1
collab-server/internal/ws/remote.go:79.7,81.18 2 1
collab-server/internal/ws/remote.go:81.18,83.5 1 1
collab-server/internal/ws/remote.go:85.4,91.53 2 1
collab-server/internal/ws/remote.go:91.53,92.13 1 0
collab-server/internal/ws/remote.go:95.4,97.20 2 1
collab-server/internal/ws/remote.go:98.16,99.51 1 1
collab-server/internal/ws/remote.go:100.16,100.16 0 0
collab-server/internal/ws/remote.go:102.20,103.40 1 0
collab-server/internal/ws/remote.go:109.70,117.15 6 0
collab-server/internal/ws/remote.go:117.15,121.3 3 0
collab-server/internal/ws/remote.go:123.2,130.9 3 0
collab-server/internal/ws/remote.go:131.20,132.19 1 0
collab-server/internal/ws/remote.go:133.38,134.39 1 0
collab-server/internal/ws/remote.go:138.71,142.8 4 0
collab-server/internal/ws/remote.go:142.8,143.10 1 0
collab-server/internal/ws/remote.go:144.19,144.19 0 0
collab-server/internal/ws/remote.go:145.11,145.11 0 0
collab-server/internal/ws/remote.go:150.39,152.16 2 1
collab-server/internal/ws/remote.go:152.16,154.3 1 0
collab-server/internal/ws/remote.go:155.2,155.9 1 1
collab-server/internal/ws/remote.go:156.23,156.23 0 1
collab-server/internal/ws/remote.go:157.10,157.10 0 0
collab-server/internal/ws/remote.go:161.41,162.9 1 0
collab-server/internal/ws/remote.go:163.23,163.23 0 0
collab-server/internal/ws/remote.go:164.10,164.10 0 0
collab-server/internal/ws/remote.go:168.54,169.6 1 1
collab-server/internal/ws/remote.go:169.6,170.10 1 1
collab-server/internal/ws/remote.go:171.21,172.10 1 1
collab-server/internal/ws/remote.go:173.18,174.10 1 0
collab-server/internal/ws/remote.go:175.29,176.11 1 1
collab-server/internal/ws/remote.go:176.11,178.5 1 0
collab-server/internal/ws/remote.go:179.4,179.50 1 1
collab-server/internal/api/admin.go:21.99,22.48 1 1
collab-server/internal/api/admin.go:22.48,22.102 1 1
collab-server/internal/api/admin.go:24.2,37.90 14 1
collab-server/internal/api/admin.go:40.77,41.54 1 1
collab-server/internal/api/admin.go:41.54,43.42 2 1
collab-server/internal/api/admin.go:43.42,46.4 2 1
collab-server/internal/api/admin.go:47.3,47.13 1 1
collab-server/internal/api/admin.go:51.80,53.16 2 1
collab-server/internal/api/admin.go:53.16,56.3 2 0
collab-server/internal/api/admin.go:58.2,59.26 2 1
collab-server/internal/api/admin.go:59.26,61.3 1 1
collab-server/internal/api/admin.go:62.2,62.70 1 1
collab-server/internal/api/admin.go:65.54,75.20 2 1
collab-server/internal/api/admin.go:75.20,77.3 1 1
collab-server/internal/api/admin.go:78.2,78.21 1 1
collab-server/internal/api/admin.go:78.21,80.3 1 0
collab-server/internal/api/admin.go:81.2,81.22 1 1
collab-server/internal/api/admin.go:81.22,83.3 1 0
collab-server/internal/api/admin.go:84.2,84.24 1 1
collab-server/internal/api/admin.go:84.24,86.3 1 0
collab-server/internal/api/admin.go:87.2,87.25 1 1
collab-server/internal/api/admin.go:87.25,89.3 1 0
collab-server/internal/api/admin.go:90.2,90.10 1 1
collab-server/internal/api/admin.go:93.81,101.43 2 1
collab-server/internal/api/admin.go:101.43,104.3 2 0
collab-server/internal/api/admin.go:106.2,106.28 1 1
collab-server/internal/api/admin.go:106.28,109.3 2 1
collab-server/internal/api/admin.go:110.2,110.21 1 1
collab-server/internal/api/admin.go:110.21,112.3 1 1
collab-server/internal/api/admin.go:113.2,113.75 1 1
collab-server/internal/api/admin.go:113.75,116.3 2 1
collab-server/internal/api/admin.go:117.2,117.71 1 1
collab-server/internal/api/admin.go:117.71,120.3 2 0
collab-server/internal/api/admin.go:122.2,128.22 2 1
collab-server/internal/api/admin.go:128.22,130.3 1 1
collab-server/internal/api/admin.go:131.2,131.25 1 1
collab-server/internal/api/admin.go:131.25,133.17 2 1
collab-server/internal/api/admin.go:133.17,136.4 2 0
collab-server/internal/api/admin.go:137.3,137.35 1 1
collab-server/internal/api/admin.go:140.2,140.49 1 1
collab-server/internal/api/admin.go:140.49,143.3 2 0
collab-server/internal/api/admin.go:145.2,148.91 3 1
collab-server/internal/api/admin.go:151.81,156.16 4 1
collab-server/internal/api/admin.go:156.16,159.3 2 1
collab-server/internal/api/admin.go:161.2,168.43 2 1
collab-server/internal/api/admin.go:168.43,171.3 2 0
collab-server/internal/api/admin.go:173.2,173.46 1 1
collab-server/internal/api/admin.go:173.46,176.3 2 1
collab-server/internal/api/admin.go:178.2,178.22 1 1
collab-server/internal/api/admin.go:178.22,180.70 2 1
collab-server/internal/api/admin.go:180.70,183.4 2 0
collab-server/internal/api/admin.go:184.3,184.76 1 1
collab-server/internal/api/admin.go:184.76,187.4 2 0
collab-server/internal/api/admin.go:188.3,188.101 1 1
collab-server/internal/api/admin.go:188.101,191.4 2 0
collab-server/internal/api/admin.go:194.2,195.29 2 1
collab-server/internal/api/admin.go:195.29,197.3 1 1
collab-server/internal/api/admin.go:198.2,198.26 1 1
collab-server/internal/api/admin.go:198.26,200.17 2 0
collab-server/internal/api/admin.go:200.17,203.4 2 0
collab-server/internal/api/admin.go:204.3,204.42 1 0
collab-server/internal/api/admin.go:206.2,206.22 1 1
collab-server/internal/api/admin.go:206.22,208.3 1 1
collab-server/internal/api/admin.go:209.2,209.32 1 1
collab-server/internal/api/admin.go:209.32,211.3 1 0
collab-server/internal/api/admin.go:212.2,212.26 1 1
collab-server/internal/api/admin.go:212.26,214.21 2 1
collab-server/internal/api/admin.go:214.21,216.4 1 1
collab-server/internal/api/admin.go:216.9,218.4 1 1
collab-server/internal/api/admin.go:221.2,221.22 1 1
collab-server/internal/api/admin.go:221.22,222.57 1 1
collab-server/internal/api/admin.go:222.57,225.4 2 0
collab-server/internal/api/admin.go:228.2,229.20 2 1
collab-server/internal/api/admin.go:229.20,231.3 1 0
collab-server/internal/api/admin.go:232.2,232.89 1 1
collab-server/internal/api/admin.go:235.75,237.16 2 1
collab-server/internal/api/admin.go:237.16,239.3 1 0
collab-server/internal/api/admin.go:240.2,240.31 1 1
collab-server/internal/api/admin.go:240.31,241.14 1 0
collab-server/internal/api/admin.go:241.14,243.4 1 0
collab-server/internal/api/admin.go:243.9,244.30 1 0
collab-server/internal/api/admin.go:244.30,246.5 1 0
collab-server/internal/api/admin.go:251.81,255.26 3 1
collab-server/internal/api/admin.go:255.26,258.3 2 1
collab-server/internal/api/admin.go:260.2,260.51 1 1
collab-server/internal/api/admin.go:260.51,263.3 2 1
collab-server/internal/api/admin.go:265.2,265.51 1 1
collab-server/internal/api/admin.go:265.51,268.3 2 0
collab-server/internal/api/admin.go:270.2,270.65 1 1
collab-server/internal/api/admin.go:273.85,275.51 2 1
collab-server/internal/api/admin.go:275.51,278.3 2 1
collab-server/internal/api/admin.go:280.2,281.40 2 1
collab-server/internal/api/admin.go:281.40,284.3 2 0
collab-server/internal/api/admin.go:285.2,287.54 2 1
collab-server/internal/api/admin.go:287.54,290.3 2 0
collab-server/internal/api/admin.go:292.2,292.72 1 1
collab-server/internal/api/admin.go:295.83,297.51 2 1
collab-server/internal/api/admin.go:297.51,300.3 2 0
collab-server/internal/api/admin.go:302.2,302.48 1 1
collab-server/internal/api/admin.go:302.48,305.3 2 0
collab-server/internal/api/admin.go:307.2,307.65 1 1
collab-server/internal/api/admin.go:310.85,313.16 3 1
collab-server/internal/api/admin.go:313.16,316.3 2 0
collab-server/internal/api/admin.go:318.2,318.26 1 1
collab-server/internal/api/admin.go:318.26,327.3 2 1
collab-server/internal/api/admin.go:329.2,330.16 2 1
collab-server/internal/api/admin.go:330.16,333.3 2 0
collab-server/internal/api/admin.go:335.2,337.26 3 1
collab-server/internal/api/admin.go:337.26,344.25 3 1
collab-server/internal/api/admin.go:344.25,346.4 1 0
collab-server/internal/api/admin.go:349.2,354.4 1 1
collab-server/internal/api/admin.go:357.86,361.51 3 1
collab-server/internal/api/admin.go:361.51,364.3 2 0
collab-server/internal/api/admin.go:366.2,370.43 2 1
collab-server/internal/api/admin.go:370.43,373.3 2 0
collab-server/internal/api/admin.go:374.2,374.27 1 1
collab-server/internal/api/admin.go:374.27,377.3 2 0
collab-server/internal/api/admin.go:378.2,378.22 1 1
collab-server/internal/api/admin.go:378.22,380.3 1 0
collab-server/internal/api/admin.go:382.2,383.29 2 1
collab-server/internal/api/admin.go:383.29,384.63 1 1
collab-server/internal/api/admin.go:384.63,387.4 2 1
collab-server/internal/api/admin.go:390.2,397.54 2 1
collab-server/internal/api/admin.go:397.54,400.3 2 0
collab-server/internal/api/admin.go:402.2,406.4 1 1
collab-server/internal/api/admin.go:409.87,412.51 2 1
collab-server/internal/api/admin.go:412.51,415.3 2 0
collab-server/internal/api/admin.go:417.2,421.43 2 1
collab-server/internal/api/admin.go:421.43,424.3 2 0
collab-server/internal/api/admin.go:425.2,425.27 1 1
collab-server/internal/api/admin.go:425.27,428.3 2 0
collab-server/internal/api/admin.go:429.2,429.22 1 1
collab-server/internal/api/admin.go:429.22,431.3 1 1
collab-server/internal/api/admin.go:433.2,435.26 3 1
collab-server/internal/api/admin.go:435.26,436.63 1 1
collab-server/internal/api/admin.go:436.63,439.9 3 1
collab-server/internal/api/admin.go:443.2,443.12 1 1
collab-server/internal/api/admin.go:443.12,446.3 2 1
collab-server/internal/api/admin.go:448.2,448.65 1 1
collab-server/internal/api/admin.go:451.83,458.43 3 1
collab-server/internal/api/admin.go:458.43,461.3 2 0
collab-server/internal/api/admin.go:463.2,464.32 2 1
collab-server/internal/api/admin.go:464.32,467.3 2 1
collab-server/internal/api/admin.go:469.2,470.16 2 1
collab-server/internal/api/admin.go:470.16,473.3 2 0
collab-server/internal/api/admin.go:475.2,475.76 1 1
collab-server/internal/api/admin.go:478.82,480.16 2 1
collab-server/internal/api/admin.go:480.16,483.3 2 0
collab-server/internal/api/admin.go:484.2,484.20 1 1
collab-server/internal/api/admin.go:484.20,486.3 1 0
collab-server/internal/api/admin.go:487.2,487.73 1 1
collab-server/internal/api/admin.go:490.83,493.16 3 1
collab-server/internal/api/admin.go:493.16,496.3 2 0
collab-server/internal/api/admin.go:497.2,497.14 1 1
collab-server/internal/api/admin.go:497.14,500.3 2 1
collab-server/internal/api/admin.go:501.2,501.65 1 1
collab-server/internal/api/admin.go:504.83,506.16 2 1
collab-server/internal/api/admin.go:506.16,509.3 2 0
collab-server/internal/api/admin.go:510.2,510.21 1 1
collab-server/internal/api/admin.go:510.21,512.3 1 0
collab-server/internal/api/admin.go:513.2,513.75 1 1
collab-server/internal/api/admin.go:516.89,519.16 3 1
collab-server/internal/api/admin.go:519.16,522.3 2 1
collab-server/internal/api/admin.go:524.2,524.26 1 1
collab-server/internal/api/admin.go:524.26,527.3 2 1
collab-server/internal/api/admin.go:528.2,528.21 1 1
collab-server/internal/api/admin.go:528.21,531.3 2 1
collab-server/internal/api/admin.go:533.2,533.55 1 1
collab-server/internal/api/admin.go:533.55,536.3 2 0
collab-server/internal/api/admin.go:538.2,538.65 1 1
collab-server/internal/api/agents.go:21.99,22.48 1 1
collab-server/internal/api/agents.go:22.48,22.68 1 1
collab-server/internal/api/agents.go:24.2,31.74 8 1
collab-server/internal/api/agents.go:34.50,44.22 2 1
collab-server/internal/api/agents.go:44.22,46.3 1 1
collab-server/internal/api/agents.go:47.2,47.21 1 1
collab-server/internal/api/agents.go:47.21,49.3 1 1
collab-server/internal/api/agents.go:50.2,50.10 1 1
collab-server/internal/api/agents.go:53.82,55.17 2 1
collab-server/internal/api/agents.go:55.17,58.3 2 0
collab-server/internal/api/agents.go:60.2,69.43 2 1
collab-server/internal/api/agents.go:69.43,72.3 2 0
collab-server/internal/api/agents.go:74.2,74.28 1 1
collab-server/internal/api/agents.go:74.28,77.3 2 1
collab-server/internal/api/agents.go:79.2,80.16 2 1
collab-server/internal/api/agents.go:80.16,83.3 2 0
collab-server/internal/api/agents.go:85.2,94.50 2 1
collab-server/internal/api/agents.go:94.50,97.3 2 0
collab-server/internal/api/agents.go:99.2,101.37 2 1
collab-server/internal/api/agents.go:101.37,103.18 2 1
collab-server/internal/api/agents.go:103.18,105.4 1 0
collab-server/internal/api/agents.go:106.3,111.5 1 1
collab-server/internal/api/agents.go:114.2,116.89 2 1
collab-server/internal/api/agents.go:119.81,121.17 2 1
collab-server/internal/api/agents.go:121.17,124.3 2 0
collab-server/internal/api/agents.go:126.2,128.26 3 1
collab-server/internal/api/agents.go:128.26,130.3 1 1
collab-server/internal/api/agents.go:130.8,132.3 1 1
collab-server/internal/api/agents.go:133.2,133.16 1 1
collab-server/internal/api/agents.go:133.16,136.3 2 0
collab-server/internal/api/agents.go:138.2,139.27 2 1
collab-server/internal/api/agents.go:139.27,141.3 1 1
collab-server/internal/api/agents.go:142.2,142.71 1 1
collab-server/internal/api/agents.go:145.79,147.17 2 1
collab-server/internal/api/agents.go:147.17,150.3 2 0
collab-server/internal/api/agents.go:152.2,154.16 3 1
collab-server/internal/api/agents.go:154.16,157.3 2 1
collab-server/internal/api/agents.go:159.2,159.81 1 1
collab-server/internal/api/agents.go:159.81,162.3 2 1
collab-server/internal/api/agents.go:164.2,164.84 1 1
collab-server/internal/api/agents.go:167.82,169.17 2 1
collab-server/internal/api/agents.go:169.17,172.3 2 0
collab-server/internal/api/agents.go:174.2,176.16 3 1
collab-server/internal/api/agents.go:176.16,179.3 2 1
collab-server/internal/api/agents.go:181.2,181.81 1 1
collab-server/internal/api/agents.go:181.81,184.3 2 0
collab-server/internal/api/agents.go:186.2,186.51 1 1
collab-server/internal/api/agents.go:186.51,189.3 2 0
collab-server/internal/api/agents.go:191.2,191.65 1 1
collab-server/internal/api/agents.go:194.83,196.17 2 1
collab-server/internal/api/agents.go:196.17,199.3 2 0
collab-server/internal/api/agents.go:201.2,203.16 3 1
collab-server/internal/api/agents.go:203.16,206.3 2 0
collab-server/internal/api/agents.go:208.2,208.81 1 1
collab-server/internal/api/agents.go:208.81,211.3 2 0
collab-server/internal/api/agents.go:213.2,214.16 2 1
collab-server/internal/api/agents.go:214.16,217.3 2 0
collab-server/internal/api/agents.go:219.2,219.54 1 1
collab-server/internal/api/agents.go:219.54,222.3 2 0
collab-server/internal/api/agents.go:224.2,224.72 1 1
collab-server/internal/api/agents.go:227.85,229.17 2 1
collab-server/internal/api/agents.go:229.17,232.3 2 0
collab-server/internal/api/agents.go:234.2,236.16 3 1
collab-server/internal/api/agents.go:236.16,239.3 2 0
collab-server/internal/api/agents.go:241.2,241.81 1 1
collab-server/internal/api/agents.go:241.81,244.3 2 0
collab-server/internal/api/agents.go:246.2,247.16 2 1
collab-server/internal/api/agents.go:247.16,250.3 2 0
collab-server/internal/api/agents.go:252.2,254.26 3 1
collab-server/internal/api/agents.go:254.26,261.3 2 1
collab-server/internal/api/agents.go:263.2,267.4 1 1
collab-server/internal/api/agents.go:270.85,272.17 2 1
collab-server/internal/api/agents.go:272.17,275.3 2 0
collab-server/internal/api/agents.go:277.2,279.16 3 1
collab-server/internal/api/agents.go:279.16,282.3 2 0
collab-server/internal/api/agents.go:284.2,284.81 1 1
collab-server/internal/api/agents.go:284.81,287.3 2 0
collab-server/internal/api/agents.go:289.2,295.43 2 1
collab-server/internal/api/agents.go:295.43,298.3 2 0
collab-server/internal/api/agents.go:300.2,302.37 2 1
collab-server/internal/api/agents.go:302.37,304.18 2 1
collab-server/internal/api/agents.go:304.18,306.4 1 0
collab-server/internal/api/agents.go:307.3,312.5 1 1
collab-server/internal/api/agents.go:315.2,318.26 4 1
collab-server/internal/api/agents.go:318.26,325.3 2 1
collab-server/internal/api/agents.go:327.2,331.4 1 1
collab-server/internal/api/agents.go:334.84,336.17 2 0
collab-server/internal/api/agents.go:336.17,339.3 2 0
collab-server/internal/api/agents.go:341.2,343.16 3 0
collab-server/internal/api/agents.go:343.16,346.3 2 0
collab-server/internal/api/agents.go:348.2,348.81 1 0
collab-server/internal/api/agents.go:348.81,351.3 2 0
collab-server/internal/api/agents.go:353.2,353.18 1 0
collab-server/internal/api/agents.go:353.18,356.3 2 0
collab-server/internal/api/agents.go:358.2,360.16 3 0
collab-server/internal/api/agents.go:360.16,363.3 2 0
collab-server/internal/api/agents.go:365.2,367.15 3 0
collab-server/internal/api/auth.go:27.58,31.2 3 1
collab-server/internal/api/auth.go:33.75,38.62 2 1
collab-server/internal/api/auth.go:38.62,41.3 2 0
collab-server/internal/api/auth.go:43.2,44.40 2 1
collab-server/internal/api/auth.go:44.40,47.3 2 1
collab-server/internal/api/auth.go:49.2,50.43 2 1
collab-server/internal/api/auth.go:50.43,53.3 2 0
collab-server/internal/api/auth.go:55.2,55.59 1 1
collab-server/internal/api/auth.go:55.59,58.3 2 1
collab-server/internal/api/auth.go:60.2,60.44 1 1
collab-server/internal/api/auth.go:60.44,63.3 2 0
collab-server/internal/api/auth.go:65.2,66.81 2 1
collab-server/internal/api/auth.go:69.78,76.62 2 1
collab-server/internal/api/auth.go:76.62,79.3 2 0
collab-server/internal/api/auth.go:81.2,84.86 3 1
collab-server/internal/api/auth.go:84.86,87.3 2 0
collab-server/internal/api/auth.go:88.2,88.37 1 1
collab-server/internal/api/auth.go:88.37,91.3 2 0
collab-server/internal/api/auth.go:92.2,92.55 1 1
collab-server/internal/api/auth.go:92.55,95.3 2 0
collab-server/internal/api/auth.go:96.2,96.52 1 1
collab-server/internal/api/auth.go:96.52,99.3 2 0
collab-server/internal/api/auth.go:101.2,101.67 1 1
collab-server/internal/api/auth.go:101.67,104.3 2 1
collab-server/internal/api/auth.go:106.2,107.16 2 1
collab-server/internal/api/auth.go:107.16,110.3 2 1
collab-server/internal/api/auth.go:111.2,111.22 1 1
collab-server/internal/api/auth.go:111.22,114.3 2 0
collab-server/internal/api/auth.go:115.2,115.67 1 1
collab-server/internal/api/auth.go:115.67,118.3 2 0
collab-server/internal/api/auth.go:120.2,121.16 2 1
collab-server/internal/api/auth.go:121.16,124.3 2 0
collab-server/internal/api/auth.go:126.2,132.49 2 1
collab-server/internal/api/auth.go:132.49,135.3 2 0
collab-server/internal/api/auth.go:137.2,137.76 1 1
collab-server/internal/api/auth.go:137.76,139.3 1 0
collab-server/internal/api/auth.go:141.2,141.75 1 1
collab-server/internal/api/auth.go:141.75,143.3 1 0
collab-server/internal/api/auth.go:145.2,145.65 1 1
collab-server/internal/api/auth.go:145.65,147.3 1 0
collab-server/internal/api/auth.go:149.2,150.86 2 1
collab-server/internal/api/auth.go:153.76,163.2 2 1
collab-server/internal/api/auth.go:165.75,167.17 2 1
collab-server/internal/api/auth.go:167.17,170.3 2 0
[...]
collab-server/internal/api/poll.go:51.106,53.4 1 1
collab-server/internal/api/poll.go:56.2,56.23 1 1
collab-server/internal/api/poll.go:56.23,57.111 1 1
collab-server/internal/api/poll.go:57.111,59.4 1 1
collab-server/internal/api/poll.go:62.2,62.57 1 1
collab-server/internal/api/poll.go:62.57,63.87 1 1
collab-server/internal/api/poll.go:63.87,65.4 1 1
collab-server/internal/api/poll.go:68.2,68.12 1 1
collab-server/internal/api/poll.go:71.68,72.91 1 1
collab-server/internal/api/poll.go:72.91,74.106 2 0
collab-server/internal/api/poll.go:74.106,76.4 1 0
collab-server/internal/api/poll.go:79.2,79.58 1 1
collab-server/internal/api/poll.go:79.58,80.106 1 0
collab-server/internal/api/poll.go:80.106,82.4 1 0
collab-server/internal/api/poll.go:85.2,85.57 1 1
collab-server/internal/api/poll.go:85.57,86.87 1 0
collab-server/internal/api/poll.go:86.87,88.4 1 0
collab-server/internal/api/poll.go:91.2,91.12 1 1
collab-server/internal/api/poll.go:94.74,105.17 4 1
collab-server/internal/api/poll.go:105.17,108.3 2 1
collab-server/internal/api/poll.go:110.2,112.34 3 1
collab-server/internal/api/poll.go:112.34,114.3 1 1
collab-server/internal/api/poll.go:116.2,117.30 2 1
collab-server/internal/api/poll.go:117.30,118.38 1 1
collab-server/internal/api/poll.go:118.38,119.22 1 1
collab-server/internal/api/poll.go:119.22,121.5 1 1
collab-server/internal/api/poll.go:123.8,125.3 1 1
collab-server/internal/api/poll.go:127.2,128.24 2 1
collab-server/internal/api/poll.go:128.24,130.3 1 1
collab-server/internal/api/poll.go:130.8,130.32 1 1
collab-server/internal/api/poll.go:130.32,131.76 1 0
collab-server/internal/api/poll.go:131.76,133.4 1 0
collab-server/internal/api/poll.go:136.2,137.27 2 1
collab-server/internal/api/poll.go:137.27,139.24 2 1
collab-server/internal/api/poll.go:139.24,141.4 1 0
collab-server/internal/api/poll.go:142.3,142.20 1 1
collab-server/internal/api/poll.go:142.20,144.4 1 0
collab-server/internal/api/poll.go:147.2,148.16 2 1
collab-server/internal/api/poll.go:148.16,152.3 3 0
collab-server/internal/api/poll.go:154.2,154.55 1 1
collab-server/internal/api/poll.go:154.55,158.7 4 0
collab-server/internal/api/poll.go:158.7,159.11 1 0
collab-server/internal/api/poll.go:160.30,162.11 2 0
collab-server/internal/api/poll.go:163.20,165.11 2 0
collab-server/internal/api/poll.go:166.18,168.38 2 0
collab-server/internal/api/poll.go:168.38,169.18 1 0
collab-server/internal/api/poll.go:176.2,179.21 3 1
collab-server/internal/api/poll.go:179.21,181.3 1 1
collab-server/internal/api/poll.go:183.2,191.27 3 1
collab-server/internal/api/poll.go:191.27,199.3 1 1
collab-server/internal/api/poll.go:201.2,204.4 1 1
collab-server/internal/api/poll.go:207.80,210.2 2 1
collab-server/internal/api/poll.go:212.79,214.17 2 1
collab-server/internal/api/poll.go:214.17,217.3 2 1
collab-server/internal/api/poll.go:219.2,220.9 2 0
collab-server/internal/api/poll.go:220.9,223.3 2 0
collab-server/internal/api/poll.go:225.2,237.59 10 0
collab-server/internal/api/poll.go:237.59,238.75 1 0
collab-server/internal/api/poll.go:238.75,241.4 2 0
collab-server/internal/api/poll.go:244.2,252.18 7 0
collab-server/internal/api/poll.go:252.18,255.3 2 0
collab-server/internal/api/poll.go:257.2,257.6 1 0
collab-server/internal/api/poll.go:257.6,258.10 1 0
collab-server/internal/api/poll.go:259.21,260.10 1 0
collab-server/internal/api/poll.go:261.22,263.19 2 0
collab-server/internal/api/poll.go:264.26,265.53 1 0
collab-server/internal/api/poll.go:266.17,268.38 2 0
collab-server/internal/api/poll.go:268.38,269.13 1 0
collab-server/internal/api/poll.go:271.4,271.29 1 0
collab-server/internal/api/poll.go:271.29,273.5 1 0
collab-server/internal/api/poll.go:274.4,276.35 3 0
collab-server/internal/api/poll.go:281.130,283.16 2 0
collab-server/internal/api/poll.go:283.16,285.3 1 0
collab-server/internal/api/poll.go:286.2,286.27 1 0
collab-server/internal/api/poll.go:286.27,288.3 1 0
collab-server/internal/api/poll.go:289.2,289.21 1 0
collab-server/internal/api/poll.go:289.21,291.3 1 0
collab-server/internal/api/poll.go:294.75,296.2 1 0
collab-server/internal/api/poll.go:299.56,301.22 2 0
collab-server/internal/api/poll.go:301.22,302.11 1 0
collab-server/internal/api/poll.go:302.11,304.4 1 0
collab-server/internal/api/poll.go:306.2,306.15 1 0
collab-server/internal/api/poll.go:310.46,311.26 1 0
collab-server/internal/api/poll.go:311.26,312.13 1 0
collab-server/internal/api/poll.go:312.13,314.4 1 0
collab-server/internal/api/poll.go:316.2,316.14 1 0
collab-server/internal/api/reactions.go:17.102,18.48 1 1
collab-server/internal/api/reactions.go:18.48,18.68 1 1
collab-server/internal/api/reactions.go:20.2,22.86 3 1
collab-server/internal/api/reactions.go:25.85,27.17 2 1
collab-server/internal/api/reactions.go:27.17,30.3 2 0
collab-server/internal/api/reactions.go:32.2,33.61 2 1
collab-server/internal/api/reactions.go:33.61,36.3 2 1
collab-server/internal/api/reactions.go:38.2,41.43 2 1
collab-server/internal/api/reactions.go:41.43,44.3 2 0
collab-server/internal/api/reactions.go:45.2,45.22 1 1
collab-server/internal/api/reactions.go:45.22,48.3 2 0
collab-server/internal/api/reactions.go:50.2,55.16 4 1
collab-server/internal/api/reactions.go:55.16,58.3 2 0
collab-server/internal/api/reactions.go:60.2,60.32 1 1
collab-server/internal/api/reactions.go:60.32,67.3 2 1
collab-server/internal/api/reactions.go:69.2,69.89 1 1
collab-server/internal/api/reactions.go:72.88,74.17 2 1
collab-server/internal/api/reactions.go:74.17,77.3 2 0
collab-server/internal/api/reactions.go:79.2,84.43 3 1
collab-server/internal/api/reactions.go:84.43,87.3 2 0
collab-server/internal/api/reactions.go:88.2,88.22 1 1
collab-server/internal/api/reactions.go:88.22,91.3 2 0
collab-server/internal/api/reactions.go:93.2,98.16 4 1
collab-server/internal/api/reactions.go:98.16,101.3 2 0
collab-server/internal/api/reactions.go:103.2,103.32 1 1
collab-server/internal/api/reactions.go:103.32,110.3 2 1
collab-server/internal/api/reactions.go:112.2,112.89 1 1
collab-server/internal/api/reactions.go:115.86,119.16 3 1
collab-server/internal/api/reactions.go:119.16,122.3 2 0
collab-server/internal/api/reactions.go:124.2,124.77 1 1
collab-server/internal/api/remote.go:24.100,25.48 1 1
collab-server/internal/api/remote.go:25.48,25.68 1 1
collab-server/internal/api/remote.go:27.2,36.78 10 1
collab-server/internal/api/remote.go:39.81,41.17 2 1
collab-server/internal/api/remote.go:41.17,44.3 2 0
collab-server/internal/api/remote.go:46.2,47.16 2 1
collab-server/internal/api/remote.go:47.16,50.3 2 0
collab-server/internal/api/remote.go:51.2,51.18 1 1
collab-server/internal/api/remote.go:51.18,53.3 1 0
collab-server/internal/api/remote.go:54.2,54.69 1 1
collab-server/internal/api/remote.go:57.82,59.17 2 1
collab-server/internal/api/remote.go:59.17,62.3 2 0
collab-server/internal/api/remote.go:64.2,67.43 2 1
collab-server/internal/api/remote.go:67.43,70.3 2 0
collab-server/internal/api/remote.go:71.2,71.28 1 1
collab-server/internal/api/remote.go:71.28,74.3 2 1
collab-server/internal/api/remote.go:76.2,77.16 2 1
collab-server/internal/api/remote.go:77.16,80.3 2 0
collab-server/internal/api/remote.go:82.2,82.72 1 1
collab-server/internal/api/remote.go:85.82,87.17 2 1
collab-server/internal/api/remote.go:87.17,90.3 2 0
collab-server/internal/api/remote.go:92.2,94.16 3 1
collab-server/internal/api/remote.go:94.16,97.3 2 1
collab-server/internal/api/remote.go:98.2,98.28 1 1
collab-server/internal/api/remote.go:98.28,101.3 2 1
collab-server/internal/api/remote.go:103.2,103.53 1 1
collab-server/internal/api/remote.go:103.53,106.3 2 0
collab-server/internal/api/remote.go:108.2,108.65 1 1
collab-server/internal/api/remote.go:111.84,113.17 2 1
collab-server/internal/api/remote.go:113.17,116.3 2 0
collab-server/internal/api/remote.go:118.2,120.16 3 1
collab-server/internal/api/remote.go:120.16,123.3 2 0
collab-server/internal/api/remote.go:124.2,124.28 1 1
collab-server/internal/api/remote.go:124.28,127.3 2 1
collab-server/internal/api/remote.go:129.2,130.16 2 1
collab-server/internal/api/remote.go:130.16,133.3 2 0
collab-server/internal/api/remote.go:134.2,134.21 1 1
collab-server/internal/api/remote.go:134.21,136.3 1 0
collab-server/internal/api/remote.go:137.2,137.75 1 1
collab-server/internal/api/remote.go:140.85,142.17 2 1
collab-server/internal/api/remote.go:142.17,145.3 2 0
collab-server/internal/api/remote.go:147.2,149.16 3 1
collab-server/internal/api/remote.go:149.16,152.3 2 0
collab-server/internal/api/remote.go:153.2,153.28 1 1
collab-server/internal/api/remote.go:153.28,156.3 2 0
collab-server/internal/api/remote.go:158.2,163.43 2 1
collab-server/internal/api/remote.go:163.43,166.3 2 0
collab-server/internal/api/remote.go:167.2,167.45 1 1
collab-server/internal/api/remote.go:167.45,170.3 2 1
collab-server/internal/api/remote.go:172.2,173.16 2 1
collab-server/internal/api/remote.go:173.16,176.3 2 0
collab-server/internal/api/remote.go:178.2,178.78 1 1
collab-server/internal/api/remote.go:181.85,183.17 2 1
collab-server/internal/api/remote.go:183.17,186.3 2 0
collab-server/internal/api/remote.go:188.2,190.16 3 1
collab-server/internal/api/remote.go:190.16,193.3 2 0
collab-server/internal/api/remote.go:194.2,194.28 1 1
collab-server/internal/api/remote.go:194.28,197.3 2 0
collab-server/internal/api/remote.go:199.2,200.63 2 1
collab-server/internal/api/remote.go:200.63,203.3 2 0
collab-server/internal/api/remote.go:205.2,205.65 1 1
collab-server/internal/api/remote.go:208.91,210.17 2 1
collab-server/internal/api/remote.go:210.17,213.3 2 0
collab-server/internal/api/remote.go:215.2,217.16 3 1
collab-server/internal/api/remote.go:217.16,220.3 2 0
collab-server/internal/api/remote.go:221.2,221.21 1 1
collab-server/internal/api/remote.go:221.21,223.3 1 0
collab-server/internal/api/remote.go:224.2,224.75 1 1
collab-server/internal/api/remote.go:227.82,229.17 2 1
collab-server/internal/api/remote.go:229.17,232.3 2 0
collab-server/internal/api/remote.go:234.2,236.16 3 1
collab-server/internal/api/remote.go:236.16,239.3 2 1
collab-server/internal/api/remote.go:240.2,240.52 1 1
collab-server/internal/api/remote.go:240.52,243.3 2 0
collab-server/internal/api/remote.go:245.2,246.71 2 1
collab-server/internal/api/remote.go:249.78,251.17 2 1
collab-server/internal/api/remote.go:251.17,254.3 2 0
collab-server/internal/api/remote.go:256.2,258.16 3 1
collab-server/internal/api/remote.go:258.16,261.3 2 0
collab-server/internal/api/remote.go:262.2,262.52 1 1
collab-server/internal/api/remote.go:262.52,265.3 2 0
collab-server/internal/api/remote.go:267.2,267.49 1 1
collab-server/internal/api/remote.go:267.49,270.3 2 1
collab-server/internal/api/remote.go:272.2,274.16 3 0
collab-server/internal/api/remote.go:274.16,275.38 1 0
collab-server/internal/api/remote.go:275.38,278.4 2 0
collab-server/internal/api/remote.go:279.3,280.9 2 0
collab-server/internal/api/remote.go:283.2,283.30 1 0
collab-server/internal/api/remote.go:286.80,288.17 2 1
collab-server/internal/api/remote.go:288.17,291.3 2 0
collab-server/internal/api/remote.go:293.2,295.16 3 1
collab-server/internal/api/remote.go:295.16,298.3 2 0
collab-server/internal/api/remote.go:299.2,299.52 1 1
collab-server/internal/api/remote.go:299.52,302.3 2 0
collab-server/internal/api/remote.go:304.2,304.49 1 1
collab-server/internal/api/remote.go:304.49,307.3 2 1
collab-server/internal/api/remote.go:309.2,311.16 3 0
collab-server/internal/api/remote.go:311.16,312.38 1 0
collab-server/internal/api/remote.go:312.38,315.4 2 0
collab-server/internal/api/remote.go:316.3,317.9 2 0
collab-server/internal/api/remote.go:320.2,320.30 1 0
collab-server/internal/api/remote.go:323.71,327.76 2 0
collab-server/internal/api/remote.go:327.76,328.23 1 0
collab-server/internal/api/remote.go:329.27,330.57 1 0
collab-server/internal/api/remote.go:331.25,332.56 1 0
collab-server/internal/api/remote.go:333.25,334.69 1 0
collab-server/internal/api/remote.go:335.18,336.62 1 0
collab-server/internal/api/remote.go:337.11,338.58 1 0
collab-server/internal/api/remote.go:340.3,340.9 1 0
collab-server/internal/api/remote.go:343.2,345.15 3 0
collab-server/internal/api/upload.go:24.100,26.2 1 1
collab-server/internal/api/upload.go:42.78,44.17 2 1
collab-server/internal/api/upload.go:44.17,47.3 2 0
collab-server/internal/api/upload.go:49.2,52.54 3 1
collab-server/internal/api/upload.go:52.54,54.35 2 1
collab-server/internal/api/upload.go:54.35,57.4 2 1
collab-server/internal/api/upload.go:58.3,59.9 2 1
collab-server/internal/api/upload.go:62.2,63.16 2 1
collab-server/internal/api/upload.go:63.16,66.3 2 0
collab-server/internal/api/upload.go:67.2,70.23 3 1
collab-server/internal/api/upload.go:70.23,72.3 1 0
collab-server/internal/api/upload.go:73.2,75.37 2 1
collab-server/internal/api/upload.go:75.37,78.3 2 1
collab-server/internal/api/upload.go:80.2,83.63 3 1
collab-server/internal/api/upload.go:83.63,86.3 2 0
collab-server/internal/api/upload.go:88.2,89.16 2 1
collab-server/internal/api/upload.go:89.16,92.3 2 0
collab-server/internal/api/upload.go:93.2,95.46 2 1
collab-server/internal/api/upload.go:95.46,98.3 2 0
collab-server/internal/api/upload.go:100.2,103.4 1 1
collab-server/internal/api/users.go:18.98,22.2 3 1
collab-server/internal/api/users.go:25.79,27.16 2 1
collab-server/internal/api/users.go:27.16,31.3 3 0
collab-server/internal/api/users.go:33.2,34.26 2 1
collab-server/internal/api/users.go:34.26,36.3 1 1
collab-server/internal/api/users.go:38.2,38.73 1 1
collab-server/internal/api/users.go:42.83,44.17 2 1
collab-server/internal/api/users.go:44.17,47.3 2 0
collab-server/internal/api/users.go:49.2,50.26 2 1
collab-server/internal/api/users.go:50.26,52.3 1 1
collab-server/internal/api/users.go:52.8,54.17 2 1
collab-server/internal/api/users.go:54.17,58.4 3 0
collab-server/internal/api/users.go:59.3,59.27 1 1
collab-server/internal/api/users.go:59.27,61.4 1 1
collab-server/internal/api/users.go:64.2,68.4 1 1
collab-server/internal/api/users.go:72.81,74.16 2 1
collab-server/internal/api/users.go:74.16,78.3 3 0
collab-server/internal/api/users.go:80.2,81.26 2 1
collab-server/internal/api/users.go:81.26,83.3 1 0
collab-server/internal/api/users.go:85.2,85.74 1 1
collab-server/internal/api/users.go:89.55,98.22 2 1
collab-server/internal/api/users.go:98.22,100.3 1 0
collab-server/internal/api/users.go:101.2,101.25 1 1
collab-server/internal/api/users.go:101.25,103.3 1 0
collab-server/internal/api/users.go:104.2,104.10 1 1
collab-server/internal/api/workspace.go:25.103,26.48 1 1
collab-server/internal/api/workspace.go:26.48,26.68 1 1
collab-server/internal/api/workspace.go:28.2,36.71 9 1
collab-server/internal/api/workspace.go:39.84,41.17 2 1
collab-server/internal/api/workspace.go:41.17,44.3 2 0
collab-server/internal/api/workspace.go:46.2,47.74 2 1
collab-server/internal/api/workspace.go:47.74,50.3 2 0
collab-server/internal/api/workspace.go:52.2,53.53 2 1
collab-server/internal/api/workspace.go:53.53,55.3 1 0
collab-server/internal/api/workspace.go:57.2,58.16 2 1
collab-server/internal/api/workspace.go:58.16,61.3 2 0
collab-server/internal/api/workspace.go:62.2,62.18 1 1
collab-server/internal/api/workspace.go:62.18,64.3 1 0
collab-server/internal/api/workspace.go:65.2,65.69 1 1
collab-server/internal/api/workspace.go:68.85,70.17 2 1
collab-server/internal/api/workspace.go:70.17,73.3 2 0
collab-server/internal/api/workspace.go:75.2,76.74 2 1
collab-server/internal/api/workspace.go:76.74,79.3 2 0
collab-server/internal/api/workspace.go:81.2,83.54 3 1
collab-server/internal/api/workspace.go:83.54,85.35 2 0
collab-server/internal/api/workspace.go:85.35,88.4 2 0
collab-server/internal/api/workspace.go:89.3,90.9 2 0
collab-server/internal/api/workspace.go:93.2,94.16 2 1
collab-server/internal/api/workspace.go:94.16,97.3 2 0
collab-server/internal/api/workspace.go:98.2,101.53 3 1
collab-server/internal/api/workspace.go:101.53,103.3 1 0
collab-server/internal/api/workspace.go:105.2,110.52 5 1
collab-server/internal/api/workspace.go:110.52,113.3 2 0
collab-server/internal/api/workspace.go:115.2,116.16 2 1
collab-server/internal/api/workspace.go:116.16,119.3 2 0
collab-server/internal/api/workspace.go:120.2,123.16 3 1
collab-server/internal/api/workspace.go:123.16,126.3 2 0
collab-server/internal/api/workspace.go:128.2,129.23 2 1
collab-server/internal/api/workspace.go:129.23,131.3 1 0
collab-server/internal/api/workspace.go:132.2,146.16 4 1
collab-server/internal/api/workspace.go:146.16,149.3 2 0
collab-server/internal/api/workspace.go:151.2,151.74 1 1
collab-server/internal/api/workspace.go:154.135,156.17 2 1
collab-server/internal/api/workspace.go:156.17,158.3 1 0
collab-server/internal/api/workspace.go:160.2,161.16 2 1
collab-server/internal/api/workspace.go:161.16,163.3 1 0
collab-server/internal/api/workspace.go:165.2,165.30 1 1
collab-server/internal/api/workspace.go:165.30,167.3 1 1
collab-server/internal/api/workspace.go:169.2,169.49 1 1
collab-server/internal/api/workspace.go:169.49,171.3 1 1
collab-server/internal/api/workspace.go:173.2,173.17 1 1
collab-server/internal/api/workspace.go:176.87,181.14 4 1
collab-server/internal/api/workspace.go:181.14,184.3 2 1
collab-server/internal/api/workspace.go:186.2,188.16 3 0
collab-server/internal/api/workspace.go:188.16,191.3 2 0
collab-server/internal/api/workspace.go:192.2,195.14 3 0
collab-server/internal/api/workspace.go:195.14,197.3 1 0
collab-server/internal/api/workspace.go:198.2,200.18 3 0
collab-server/internal/api/workspace.go:203.85,208.14 4 0
collab-server/internal/api/workspace.go:208.14,211.3 2 0
collab-server/internal/api/workspace.go:213.2,216.43 2 0
collab-server/internal/api/workspace.go:216.43,219.3 2 0
collab-server/internal/api/workspace.go:221.2,222.76 2 0
collab-server/internal/api/workspace.go:222.76,225.3 2 0
collab-server/internal/api/workspace.go:227.2,230.70 3 0
collab-server/internal/api/workspace.go:233.85,238.14 4 1
collab-server/internal/api/workspace.go:238.14,241.3 2 0
collab-server/internal/api/workspace.go:243.2,246.43 2 1
collab-server/internal/api/workspace.go:246.43,249.3 2 0
collab-server/internal/api/workspace.go:250.2,250.21 1 1
collab-server/internal/api/workspace.go:250.21,253.3 2 0
collab-server/internal/api/workspace.go:255.2,256.16 2 1
collab-server/internal/api/workspace.go:256.16,259.3 2 0
collab-server/internal/api/workspace.go:261.2,261.69 1 1
collab-server/internal/api/workspace.go:264.85,269.14 4 1
collab-server/internal/api/workspace.go:269.14,272.3 2 0
collab-server/internal/api/workspace.go:274.2,274.20 1 1
collab-server/internal/api/workspace.go:274.20,277.3 2 1
collab-server/internal/api/workspace.go:279.2,279.56 1 1
collab-server/internal/api/workspace.go:279.56,282.3 2 0
collab-server/internal/api/workspace.go:284.2,284.65 1 1
collab-server/internal/api/workspace.go:287.80,289.17 2 1
collab-server/internal/api/workspace.go:289.17,292.3 2 0
collab-server/internal/api/workspace.go:294.2,300.43 3 1
collab-server/internal/api/workspace.go:300.43,303.3 2 0
collab-server/internal/api/workspace.go:304.2,304.21 1 1
collab-server/internal/api/workspace.go:304.21,307.3 2 0
collab-server/internal/api/workspace.go:309.2,310.16 2 1
collab-server/internal/api/workspace.go:310.16,313.3 2 0
collab-server/internal/api/workspace.go:315.2,315.71 1 1
collab-server/internal/api/workspace.go:318.83,323.14 4 0
collab-server/internal/api/workspace.go:323.14,326.3 2 0
collab-server/internal/api/workspace.go:328.2,331.43 2 0
collab-server/internal/api/workspace.go:331.43,334.3 2 0
collab-server/internal/api/workspace.go:336.2,337.16 2 0
collab-server/internal/api/workspace.go:337.16,340.3 2 0
collab-server/internal/api/workspace.go:342.2,342.69 1 0
collab-server/internal/api/workspace.go:345.92,347.17 2 1
collab-server/internal/api/workspace.go:347.17,350.3 2 0
collab-server/internal/api/workspace.go:352.2,353.16 2 1
collab-server/internal/api/workspace.go:353.16,356.3 2 0
collab-server/internal/api/workspace.go:357.2,357.18 1 1
collab-server/internal/api/workspace.go:357.18,359.3 1 0
collab-server/internal/api/workspace.go:360.2,360.69 1 1
